<?xml version="1.0" encoding="UTF-8"?>
<coverage generated="1758353301657" clover="3.2.0">
  <project timestamp="1758353301657" name="All files">
    <metrics statements="366" coveredstatements="278" conditionals="195" coveredconditionals="121" methods="135" coveredmethods="96" elements="696" coveredelements="495" complexity="0" loc="366" ncloc="366" packages="5" files="48" classes="48"/>
    <package name="auth">
      <metrics statements="116" coveredstatements="101" conditionals="48" coveredconditionals="35" methods="40" coveredmethods="30"/>
      <file name="AuthSlice.js" path="/Users/nguyenminhnghia/Desktop/Personal-Task-Management-App/src/auth/AuthSlice.js">
        <metrics statements="38" coveredstatements="31" conditionals="12" coveredconditionals="6" methods="11" coveredmethods="10"/>
        <line num="5" count="8" type="stmt"/>
        <line num="8" count="3" type="stmt"/>
        <line num="9" count="3" type="cond" truecount="2" falsecount="0"/>
        <line num="10" count="2" type="stmt"/>
        <line num="15" count="8" type="stmt"/>
        <line num="18" count="5" type="stmt"/>
        <line num="23" count="5" type="cond" truecount="2" falsecount="0"/>
        <line num="25" count="4" type="stmt"/>
        <line num="28" count="4" type="cond" truecount="2" falsecount="0"/>
        <line num="29" count="2" type="stmt"/>
        <line num="31" count="2" type="stmt"/>
        <line num="34" count="4" type="stmt"/>
        <line num="38" count="8" type="stmt"/>
        <line num="47" count="2" type="stmt"/>
        <line num="48" count="2" type="stmt"/>
        <line num="49" count="2" type="stmt"/>
        <line num="50" count="2" type="stmt"/>
        <line num="54" count="0" type="cond" truecount="0" falsecount="2"/>
        <line num="57" count="0" type="cond" truecount="0" falsecount="2"/>
        <line num="58" count="0" type="stmt"/>
        <line num="59" count="0" type="stmt"/>
        <line num="60" count="0" type="cond" truecount="0" falsecount="2"/>
        <line num="62" count="0" type="stmt"/>
        <line num="63" count="0" type="stmt"/>
        <line num="69" count="6" type="stmt"/>
        <line num="72" count="3" type="stmt"/>
        <line num="73" count="3" type="stmt"/>
        <line num="76" count="1" type="stmt"/>
        <line num="77" count="1" type="stmt"/>
        <line num="80" count="2" type="stmt"/>
        <line num="81" count="2" type="stmt"/>
        <line num="86" count="5" type="stmt"/>
        <line num="87" count="5" type="stmt"/>
        <line num="90" count="4" type="stmt"/>
        <line num="91" count="4" type="stmt"/>
        <line num="94" count="1" type="stmt"/>
        <line num="95" count="1" type="stmt"/>
        <line num="100" count="8" type="stmt"/>
      </file>
      <file name="ForgotPasswordPage.jsx" path="/Users/nguyenminhnghia/Desktop/Personal-Task-Management-App/src/auth/ForgotPasswordPage.jsx">
        <metrics statements="20" coveredstatements="18" conditionals="10" coveredconditionals="7" methods="4" coveredmethods="3"/>
        <line num="10" count="1" type="stmt"/>
        <line num="15" count="14" type="stmt"/>
        <line num="16" count="14" type="stmt"/>
        <line num="17" count="14" type="stmt"/>
        <line num="18" count="14" type="stmt"/>
        <line num="20" count="14" type="stmt"/>
        <line num="21" count="2" type="cond" truecount="1" falsecount="1"/>
        <line num="22" count="2" type="stmt"/>
        <line num="23" count="2" type="stmt"/>
        <line num="25" count="2" type="stmt"/>
        <line num="26" count="2" type="stmt"/>
        <line num="30" count="2" type="cond" truecount="2" falsecount="0"/>
        <line num="31" count="1" type="stmt"/>
        <line num="33" count="1" type="stmt"/>
        <line num="36" count="0" type="cond" truecount="0" falsecount="2"/>
        <line num="38" count="2" type="stmt"/>
        <line num="42" count="14" type="stmt"/>
        <line num="44" count="14" type="stmt"/>
        <line num="56" count="14" type="stmt"/>
        <line num="89" count="0" type="stmt"/>
      </file>
      <file name="LoginPage.jsx" path="/Users/nguyenminhnghia/Desktop/Personal-Task-Management-App/src/auth/LoginPage.jsx">
        <metrics statements="15" coveredstatements="14" conditionals="8" coveredconditionals="7" methods="8" coveredmethods="7"/>
        <line num="14" count="1" type="stmt"/>
        <line num="19" count="25" type="stmt"/>
        <line num="20" count="25" type="stmt"/>
        <line num="21" count="25" type="stmt"/>
        <line num="22" count="37" type="stmt"/>
        <line num="24" count="25" type="stmt"/>
        <line num="25" count="25" type="stmt"/>
        <line num="26" count="2" type="stmt"/>
        <line num="30" count="25" type="stmt"/>
        <line num="31" count="2" type="stmt"/>
        <line num="39" count="2" type="stmt"/>
        <line num="40" count="0" type="stmt"/>
        <line num="43" count="25" type="stmt"/>
        <line num="45" count="25" type="stmt"/>
        <line num="58" count="50" type="stmt"/>
      </file>
      <file name="RegisterPage.jsx" path="/Users/nguyenminhnghia/Desktop/Personal-Task-Management-App/src/auth/RegisterPage.jsx">
        <metrics statements="19" coveredstatements="16" conditionals="8" coveredconditionals="7" methods="10" coveredmethods="5"/>
        <line num="17" count="1" type="stmt"/>
        <line num="23" count="27" type="stmt"/>
        <line num="24" count="27" type="stmt"/>
        <line num="25" count="27" type="stmt"/>
        <line num="26" count="37" type="stmt"/>
        <line num="28" count="27" type="stmt"/>
        <line num="29" count="27" type="stmt"/>
        <line num="31" count="27" type="stmt"/>
        <line num="32" count="0" type="stmt"/>
        <line num="35" count="27" type="stmt"/>
        <line num="36" count="0" type="stmt"/>
        <line num="39" count="27" type="stmt"/>
        <line num="41" count="27" type="stmt"/>
        <line num="42" count="1" type="stmt"/>
        <line num="45" count="0" type="stmt"/>
        <line num="47" count="1" type="cond" truecount="1" falsecount="1"/>
        <line num="50" count="27" type="stmt"/>
        <line num="58" count="27" type="stmt"/>
        <line num="71" count="81" type="stmt"/>
      </file>
      <file name="ResetPasswordPage.jsx" path="/Users/nguyenminhnghia/Desktop/Personal-Task-Management-App/src/auth/ResetPasswordPage.jsx">
        <metrics statements="24" coveredstatements="22" conditionals="10" coveredconditionals="8" methods="7" coveredmethods="5"/>
        <line num="10" count="1" type="stmt"/>
        <line num="16" count="21" type="stmt"/>
        <line num="18" count="21" type="stmt"/>
        <line num="19" count="21" type="stmt"/>
        <line num="21" count="21" type="stmt"/>
        <line num="22" count="21" type="stmt"/>
        <line num="24" count="21" type="stmt"/>
        <line num="25" count="2" type="stmt"/>
        <line num="28" count="21" type="stmt"/>
        <line num="29" count="0" type="stmt"/>
        <line num="33" count="21" type="stmt"/>
        <line num="35" count="21" type="stmt"/>
        <line num="36" count="2" type="stmt"/>
        <line num="37" count="2" type="stmt"/>
        <line num="38" count="2" type="stmt"/>
        <line num="39" count="2" type="stmt"/>
        <line num="42" count="2" type="cond" truecount="2" falsecount="0"/>
        <line num="43" count="1" type="stmt"/>
        <line num="45" count="1" type="stmt"/>
        <line num="50" count="0" type="cond" truecount="0" falsecount="2"/>
        <line num="52" count="2" type="stmt"/>
        <line num="56" count="21" type="stmt"/>
        <line num="64" count="21" type="stmt"/>
        <line num="83" count="42" type="stmt"/>
      </file>
    </package>
    <package name="components">
      <metrics statements="107" coveredstatements="97" conditionals="82" coveredconditionals="60" methods="58" coveredmethods="49"/>
      <file name="ButtonLoading.jsx" path="/Users/nguyenminhnghia/Desktop/Personal-Task-Management-App/src/components/ButtonLoading.jsx">
        <metrics statements="2" coveredstatements="2" conditionals="2" coveredconditionals="2" methods="1" coveredmethods="1"/>
        <line num="4" count="4" type="stmt"/>
        <line num="5" count="87" type="stmt"/>
      </file>
      <file name="Checkbox.jsx" path="/Users/nguyenminhnghia/Desktop/Personal-Task-Management-App/src/components/Checkbox.jsx">
        <metrics statements="2" coveredstatements="2" conditionals="2" coveredconditionals="2" methods="1" coveredmethods="1"/>
        <line num="3" count="2" type="stmt"/>
        <line num="4" count="52" type="stmt"/>
      </file>
      <file name="ChecklistEditor.jsx" path="/Users/nguyenminhnghia/Desktop/Personal-Task-Management-App/src/components/ChecklistEditor.jsx">
        <metrics statements="6" coveredstatements="6" conditionals="2" coveredconditionals="1" methods="5" coveredmethods="5"/>
        <line num="4" count="2" type="stmt"/>
        <line num="12" count="10" type="stmt"/>
        <line num="17" count="1" type="stmt"/>
        <line num="25" count="1" type="stmt"/>
        <line num="34" count="1" type="stmt"/>
        <line num="47" count="1" type="stmt"/>
      </file>
      <file name="ChecklistView.jsx" path="/Users/nguyenminhnghia/Desktop/Personal-Task-Management-App/src/components/ChecklistView.jsx">
        <metrics statements="5" coveredstatements="3" conditionals="6" coveredconditionals="2" methods="2" coveredmethods="1"/>
        <line num="3" count="1" type="stmt"/>
        <line num="4" count="14" type="cond" truecount="2" falsecount="2"/>
        <line num="5" count="14" type="stmt"/>
        <line num="8" count="0" type="stmt"/>
        <line num="11" count="0" type="stmt"/>
      </file>
      <file name="FormField.jsx" path="/Users/nguyenminhnghia/Desktop/Personal-Task-Management-App/src/components/FormField.jsx">
        <metrics statements="3" coveredstatements="3" conditionals="4" coveredconditionals="3" methods="1" coveredmethods="1"/>
        <line num="3" count="2" type="stmt"/>
        <line num="4" count="50" type="stmt"/>
        <line num="6" count="50" type="stmt"/>
      </file>
      <file name="FormInput.jsx" path="/Users/nguyenminhnghia/Desktop/Personal-Task-Management-App/src/components/FormInput.jsx">
        <metrics statements="3" coveredstatements="3" conditionals="9" coveredconditionals="7" methods="1" coveredmethods="1"/>
        <line num="3" count="4" type="stmt"/>
        <line num="9" count="4" type="stmt"/>
        <line num="23" count="187" type="stmt"/>
      </file>
      <file name="InputBase.jsx" path="/Users/nguyenminhnghia/Desktop/Personal-Task-Management-App/src/components/InputBase.jsx">
        <metrics statements="3" coveredstatements="3" conditionals="3" coveredconditionals="3" methods="1" coveredmethods="1"/>
        <line num="3" count="2" type="cond" truecount="1" falsecount="0"/>
        <line num="5" count="20" type="stmt"/>
        <line num="7" count="20" type="stmt"/>
      </file>
      <file name="LoadingDots.jsx" path="/Users/nguyenminhnghia/Desktop/Personal-Task-Management-App/src/components/LoadingDots.jsx">
        <metrics statements="2" coveredstatements="2" conditionals="0" coveredconditionals="0" methods="1" coveredmethods="1"/>
        <line num="3" count="1" type="stmt"/>
        <line num="4" count="1" type="stmt"/>
      </file>
      <file name="MainHeader.jsx" path="/Users/nguyenminhnghia/Desktop/Personal-Task-Management-App/src/components/MainHeader.jsx">
        <metrics statements="4" coveredstatements="3" conditionals="2" coveredconditionals="2" methods="3" coveredmethods="2"/>
        <line num="5" count="1" type="stmt"/>
        <line num="6" count="16" type="stmt"/>
        <line num="8" count="8" type="stmt"/>
        <line num="12" count="0" type="stmt"/>
      </file>
      <file name="Modal.jsx" path="/Users/nguyenminhnghia/Desktop/Personal-Task-Management-App/src/components/Modal.jsx">
        <metrics statements="3" coveredstatements="3" conditionals="2" coveredconditionals="2" methods="1" coveredmethods="1"/>
        <line num="4" count="2" type="stmt"/>
        <line num="5" count="18" type="cond" truecount="2" falsecount="0"/>
        <line num="7" count="10" type="stmt"/>
      </file>
      <file name="ProfileSection.jsx" path="/Users/nguyenminhnghia/Desktop/Personal-Task-Management-App/src/components/ProfileSection.jsx">
        <metrics statements="2" coveredstatements="1" conditionals="0" coveredconditionals="0" methods="1" coveredmethods="0"/>
        <line num="3" count="1" type="stmt"/>
        <line num="4" count="0" type="stmt"/>
      </file>
      <file name="PulseDot.jsx" path="/Users/nguyenminhnghia/Desktop/Personal-Task-Management-App/src/components/PulseDot.jsx">
        <metrics statements="2" coveredstatements="2" conditionals="0" coveredconditionals="0" methods="1" coveredmethods="1"/>
        <line num="3" count="1" type="stmt"/>
        <line num="4" count="8" type="stmt"/>
      </file>
      <file name="SelectField.jsx" path="/Users/nguyenminhnghia/Desktop/Personal-Task-Management-App/src/components/SelectField.jsx">
        <metrics statements="5" coveredstatements="5" conditionals="2" coveredconditionals="1" methods="3" coveredmethods="3"/>
        <line num="3" count="2" type="stmt"/>
        <line num="5" count="20" type="stmt"/>
        <line num="7" count="20" type="stmt"/>
        <line num="11" count="2" type="stmt"/>
        <line num="15" count="60" type="stmt"/>
      </file>
      <file name="Sidebar.jsx" path="/Users/nguyenminhnghia/Desktop/Personal-Task-Management-App/src/components/Sidebar.jsx">
        <metrics statements="8" coveredstatements="5" conditionals="6" coveredconditionals="5" methods="5" coveredmethods="3"/>
        <line num="7" count="1" type="stmt"/>
        <line num="9" count="1" type="stmt"/>
        <line num="16" count="16" type="stmt"/>
        <line num="18" count="8" type="stmt"/>
        <line num="33" count="0" type="stmt"/>
        <line num="42" count="32" type="stmt"/>
        <line num="45" count="0" type="stmt"/>
        <line num="46" count="0" type="stmt"/>
      </file>
      <file name="Spinner.jsx" path="/Users/nguyenminhnghia/Desktop/Personal-Task-Management-App/src/components/Spinner.jsx">
        <metrics statements="3" coveredstatements="3" conditionals="1" coveredconditionals="0" methods="1" coveredmethods="1"/>
        <line num="3" count="4" type="cond" truecount="0" falsecount="1"/>
        <line num="4" count="3" type="stmt"/>
        <line num="12" count="3" type="stmt"/>
      </file>
      <file name="StatsCard.jsx" path="/Users/nguyenminhnghia/Desktop/Personal-Task-Management-App/src/components/StatsCard.jsx">
        <metrics statements="4" coveredstatements="4" conditionals="0" coveredconditionals="0" methods="3" coveredmethods="3"/>
        <line num="4" count="1" type="stmt"/>
        <line num="5" count="8" type="stmt"/>
        <line num="37" count="24" type="stmt"/>
        <line num="48" count="24" type="stmt"/>
      </file>
      <file name="StatsSection.jsx" path="/Users/nguyenminhnghia/Desktop/Personal-Task-Management-App/src/components/StatsSection.jsx">
        <metrics statements="2" coveredstatements="2" conditionals="0" coveredconditionals="0" methods="1" coveredmethods="1"/>
        <line num="5" count="1" type="stmt"/>
        <line num="6" count="8" type="stmt"/>
      </file>
      <file name="SuccessPopup.jsx" path="/Users/nguyenminhnghia/Desktop/Personal-Task-Management-App/src/components/SuccessPopup.jsx">
        <metrics statements="3" coveredstatements="3" conditionals="4" coveredconditionals="4" methods="1" coveredmethods="1"/>
        <line num="3" count="1" type="stmt"/>
        <line num="4" count="14" type="cond" truecount="2" falsecount="0"/>
        <line num="6" count="1" type="stmt"/>
      </file>
      <file name="TaskCardMobile.jsx" path="/Users/nguyenminhnghia/Desktop/Personal-Task-Management-App/src/components/TaskCardMobile.jsx">
        <metrics statements="3" coveredstatements="3" conditionals="5" coveredconditionals="3" methods="2" coveredmethods="2"/>
        <line num="7" count="1" type="stmt"/>
        <line num="8" count="14" type="stmt"/>
        <line num="16" count="1" type="stmt"/>
      </file>
      <file name="TaskForm.jsx" path="/Users/nguyenminhnghia/Desktop/Personal-Task-Management-App/src/components/TaskForm.jsx">
        <metrics statements="6" coveredstatements="6" conditionals="6" coveredconditionals="5" methods="4" coveredmethods="4"/>
        <line num="11" count="2" type="stmt"/>
        <line num="32" count="18" type="stmt"/>
        <line num="34" count="18" type="stmt"/>
        <line num="41" count="1" type="stmt"/>
        <line num="51" count="1" type="stmt"/>
        <line num="62" count="1" type="stmt"/>
      </file>
      <file name="TaskListSection.jsx" path="/Users/nguyenminhnghia/Desktop/Personal-Task-Management-App/src/components/TaskListSection.jsx">
        <metrics statements="2" coveredstatements="1" conditionals="0" coveredconditionals="0" methods="1" coveredmethods="0"/>
        <line num="3" count="1" type="stmt"/>
        <line num="4" count="0" type="stmt"/>
      </file>
      <file name="TaskPriorityBadge.jsx" path="/Users/nguyenminhnghia/Desktop/Personal-Task-Management-App/src/components/TaskPriorityBadge.jsx">
        <metrics statements="4" coveredstatements="4" conditionals="8" coveredconditionals="4" methods="1" coveredmethods="1"/>
        <line num="3" count="1" type="stmt"/>
        <line num="5" count="28" type="cond" truecount="1" falsecount="1"/>
        <line num="12" count="28" type="cond" truecount="2" falsecount="2"/>
        <line num="14" count="28" type="stmt"/>
      </file>
      <file name="TaskRowDesktop.jsx" path="/Users/nguyenminhnghia/Desktop/Personal-Task-Management-App/src/components/TaskRowDesktop.jsx">
        <metrics statements="3" coveredstatements="3" conditionals="2" coveredconditionals="2" methods="2" coveredmethods="2"/>
        <line num="7" count="1" type="stmt"/>
        <line num="8" count="14" type="stmt"/>
        <line num="15" count="1" type="stmt"/>
      </file>
      <file name="TaskSection.jsx" path="/Users/nguyenminhnghia/Desktop/Personal-Task-Management-App/src/components/TaskSection.jsx">
        <metrics statements="3" coveredstatements="3" conditionals="2" coveredconditionals="2" methods="1" coveredmethods="1"/>
        <line num="5" count="1" type="stmt"/>
        <line num="11" count="8" type="cond" truecount="2" falsecount="0"/>
        <line num="12" count="7" type="stmt"/>
      </file>
      <file name="TaskStatusBadge.jsx" path="/Users/nguyenminhnghia/Desktop/Personal-Task-Management-App/src/components/TaskStatusBadge.jsx">
        <metrics statements="4" coveredstatements="4" conditionals="8" coveredconditionals="6" methods="1" coveredmethods="1"/>
        <line num="3" count="1" type="stmt"/>
        <line num="5" count="28" type="cond" truecount="2" falsecount="0"/>
        <line num="12" count="28" type="cond" truecount="2" falsecount="0"/>
        <line num="18" count="28" type="stmt"/>
      </file>
      <file name="TaskTable.jsx" path="/Users/nguyenminhnghia/Desktop/Personal-Task-Management-App/src/components/TaskTable.jsx">
        <metrics statements="5" coveredstatements="3" conditionals="0" coveredconditionals="0" methods="3" coveredmethods="1"/>
        <line num="7" count="1" type="stmt"/>
        <line num="8" count="7" type="stmt"/>
        <line num="9" count="7" type="stmt"/>
        <line num="12" count="0" type="stmt"/>
        <line num="27" count="0" type="stmt"/>
      </file>
      <file name="TaskTableDesktop.jsx" path="/Users/nguyenminhnghia/Desktop/Personal-Task-Management-App/src/components/TaskTableDesktop.jsx">
        <metrics statements="3" coveredstatements="3" conditionals="2" coveredconditionals="1" methods="2" coveredmethods="2"/>
        <line num="4" count="1" type="stmt"/>
        <line num="5" count="7" type="stmt"/>
        <line num="20" count="14" type="stmt"/>
      </file>
      <file name="TaskTableHeader.jsx" path="/Users/nguyenminhnghia/Desktop/Personal-Task-Management-App/src/components/TaskTableHeader.jsx">
        <metrics statements="2" coveredstatements="2" conditionals="0" coveredconditionals="0" methods="1" coveredmethods="1"/>
        <line num="4" count="1" type="stmt"/>
        <line num="5" count="7" type="stmt"/>
      </file>
      <file name="TaskTableMobile.jsx" path="/Users/nguyenminhnghia/Desktop/Personal-Task-Management-App/src/components/TaskTableMobile.jsx">
        <metrics statements="3" coveredstatements="3" conditionals="2" coveredconditionals="1" methods="2" coveredmethods="2"/>
        <line num="4" count="1" type="stmt"/>
        <line num="5" count="7" type="stmt"/>
        <line num="8" count="14" type="stmt"/>
      </file>
      <file name="TextareaBase.jsx" path="/Users/nguyenminhnghia/Desktop/Personal-Task-Management-App/src/components/TextareaBase.jsx">
        <metrics statements="2" coveredstatements="2" conditionals="0" coveredconditionals="0" methods="1" coveredmethods="1"/>
        <line num="3" count="2" type="stmt"/>
        <line num="4" count="10" type="stmt"/>
      </file>
      <file name="Toast.jsx" path="/Users/nguyenminhnghia/Desktop/Personal-Task-Management-App/src/components/Toast.jsx">
        <metrics statements="2" coveredstatements="2" conditionals="0" coveredconditionals="0" methods="1" coveredmethods="1"/>
        <line num="5" count="2" type="stmt"/>
        <line num="6" count="52" type="stmt"/>
      </file>
      <file name="TogglePasswordButton.jsx" path="/Users/nguyenminhnghia/Desktop/Personal-Task-Management-App/src/components/TogglePasswordButton.jsx">
        <metrics statements="3" coveredstatements="3" conditionals="2" coveredconditionals="2" methods="3" coveredmethods="2"/>
        <line num="4" count="3" type="stmt"/>
        <line num="5" count="121" type="stmt"/>
        <line num="8" count="4" type="stmt"/>
      </file>
    </package>
    <package name="hooks">
      <metrics statements="100" coveredstatements="38" conditionals="39" coveredconditionals="6" methods="25" coveredmethods="7"/>
      <file name="useNotifyAndNavigate.js" path="/Users/nguyenminhnghia/Desktop/Personal-Task-Management-App/src/hooks/useNotifyAndNavigate.js">
        <metrics statements="6" coveredstatements="6" conditionals="1" coveredconditionals="1" methods="3" coveredmethods="2"/>
        <line num="5" count="2" type="stmt"/>
        <line num="6" count="52" type="stmt"/>
        <line num="8" count="52" type="cond" truecount="1" falsecount="0"/>
        <line num="9" count="2" type="stmt"/>
        <line num="10" count="2" type="stmt"/>
        <line num="13" count="52" type="stmt"/>
      </file>
      <file name="useSupabaseSession.js" path="/Users/nguyenminhnghia/Desktop/Personal-Task-Management-App/src/hooks/useSupabaseSession.js">
        <metrics statements="13" coveredstatements="13" conditionals="6" coveredconditionals="5" methods="3" coveredmethods="3"/>
        <line num="7" count="2" type="stmt"/>
        <line num="8" count="4" type="stmt"/>
        <line num="10" count="4" type="stmt"/>
        <line num="11" count="4" type="stmt"/>
        <line num="12" count="4" type="stmt"/>
        <line num="14" count="4" type="cond" truecount="2" falsecount="0"/>
        <line num="17" count="4" type="cond" truecount="2" falsecount="0"/>
        <line num="18" count="3" type="stmt"/>
        <line num="19" count="2" type="cond" truecount="1" falsecount="1"/>
        <line num="20" count="2" type="stmt"/>
        <line num="27" count="1" type="stmt"/>
        <line num="28" count="1" type="stmt"/>
        <line num="32" count="4" type="stmt"/>
      </file>
      <file name="useTaskForm.js" path="/Users/nguyenminhnghia/Desktop/Personal-Task-Management-App/src/hooks/useTaskForm.js">
        <metrics statements="49" coveredstatements="18" conditionals="14" coveredconditionals="0" methods="10" coveredmethods="2"/>
        <line num="6" count="1" type="stmt"/>
        <line num="7" count="14" type="stmt"/>
        <line num="8" count="7" type="stmt"/>
        <line num="9" count="7" type="stmt"/>
        <line num="10" count="7" type="stmt"/>
        <line num="11" count="7" type="stmt"/>
        <line num="12" count="7" type="stmt"/>
        <line num="13" count="7" type="stmt"/>
        <line num="14" count="7" type="stmt"/>
        <line num="15" count="7" type="stmt"/>
        <line num="16" count="7" type="stmt"/>
        <line num="18" count="7" type="stmt"/>
        <line num="19" count="0" type="stmt"/>
        <line num="20" count="0" type="cond" truecount="0" falsecount="2"/>
        <line num="21" count="0" type="cond" truecount="0" falsecount="2"/>
        <line num="22" count="0" type="stmt"/>
        <line num="23" count="0" type="stmt"/>
        <line num="26" count="7" type="stmt"/>
        <line num="27" count="0" type="cond" truecount="0" falsecount="2"/>
        <line num="28" count="0" type="stmt"/>
        <line num="32" count="0" type="stmt"/>
        <line num="36" count="7" type="stmt"/>
        <line num="37" count="0" type="stmt"/>
        <line num="40" count="7" type="stmt"/>
        <line num="41" count="0" type="stmt"/>
        <line num="43" count="0" type="cond" truecount="0" falsecount="2"/>
        <line num="48" count="7" type="stmt"/>
        <line num="49" count="0" type="stmt"/>
        <line num="50" count="0" type="stmt"/>
        <line num="51" count="0" type="stmt"/>
        <line num="52" count="0" type="stmt"/>
        <line num="53" count="0" type="stmt"/>
        <line num="54" count="0" type="stmt"/>
        <line num="55" count="0" type="stmt"/>
        <line num="56" count="0" type="stmt"/>
        <line num="59" count="7" type="stmt"/>
        <line num="60" count="0" type="stmt"/>
        <line num="61" count="0" type="cond" truecount="0" falsecount="2"/>
        <line num="63" count="0" type="stmt"/>
        <line num="64" count="0" type="stmt"/>
        <line num="65" count="0" type="stmt"/>
        <line num="81" count="0" type="cond" truecount="0" falsecount="2"/>
        <line num="83" count="0" type="stmt"/>
        <line num="84" count="0" type="cond" truecount="0" falsecount="2"/>
        <line num="85" count="0" type="stmt"/>
        <line num="87" count="0" type="stmt"/>
        <line num="88" count="0" type="stmt"/>
        <line num="90" count="0" type="stmt"/>
        <line num="94" count="7" type="stmt"/>
      </file>
      <file name="useTasks.js" path="/Users/nguyenminhnghia/Desktop/Personal-Task-Management-App/src/hooks/useTasks.js">
        <metrics statements="32" coveredstatements="1" conditionals="18" coveredconditionals="0" methods="9" coveredmethods="0"/>
        <line num="4" count="1" type="stmt"/>
        <line num="5" count="0" type="stmt"/>
        <line num="6" count="0" type="stmt"/>
        <line num="9" count="0" type="stmt"/>
        <line num="10" count="0" type="cond" truecount="0" falsecount="2"/>
        <line num="11" count="0" type="stmt"/>
        <line num="12" count="0" type="stmt"/>
        <line num="13" count="0" type="stmt"/>
        <line num="19" count="0" type="cond" truecount="0" falsecount="2"/>
        <line num="21" count="0" type="cond" truecount="0" falsecount="2"/>
        <line num="26" count="0" type="stmt"/>
        <line num="28" count="0" type="stmt"/>
        <line num="30" count="0" type="stmt"/>
        <line num="35" count="0" type="stmt"/>
        <line num="38" count="0" type="stmt"/>
        <line num="39" count="0" type="stmt"/>
        <line num="40" count="0" type="cond" truecount="0" falsecount="2"/>
        <line num="41" count="0" type="cond" truecount="0" falsecount="4"/>
        <line num="42" count="0" type="stmt"/>
        <line num="43" count="0" type="stmt"/>
        <line num="45" count="0" type="stmt"/>
        <line num="49" count="0" type="cond" truecount="0" falsecount="2"/>
        <line num="51" count="0" type="stmt"/>
        <line num="52" count="0" type="stmt"/>
        <line num="57" count="0" type="cond" truecount="0" falsecount="2"/>
        <line num="59" count="0" type="stmt"/>
        <line num="60" count="0" type="stmt"/>
        <line num="61" count="0" type="stmt"/>
        <line num="62" count="0" type="cond" truecount="0" falsecount="2"/>
        <line num="68" count="0" type="stmt"/>
        <line num="69" count="0" type="stmt"/>
        <line num="72" count="0" type="stmt"/>
      </file>
    </package>
    <package name="pages">
      <metrics statements="19" coveredstatements="18" conditionals="0" coveredconditionals="0" methods="5" coveredmethods="3"/>
      <file name="Dashboard.jsx" path="/Users/nguyenminhnghia/Desktop/Personal-Task-Management-App/src/pages/Dashboard.jsx">
        <metrics statements="19" coveredstatements="18" conditionals="0" coveredconditionals="0" methods="5" coveredmethods="3"/>
        <line num="20" count="1" type="stmt"/>
        <line num="21" count="8" type="stmt"/>
        <line num="22" count="8" type="stmt"/>
        <line num="23" count="16" type="stmt"/>
        <line num="25" count="8" type="stmt"/>
        <line num="26" count="8" type="stmt"/>
        <line num="28" count="8" type="stmt"/>
        <line num="29" count="8" type="stmt"/>
        <line num="31" count="8" type="stmt"/>
        <line num="32" count="2" type="stmt"/>
        <line num="33" count="2" type="stmt"/>
        <line num="34" count="1" type="stmt"/>
        <line num="35" count="1" type="stmt"/>
        <line num="36" count="1" type="stmt"/>
        <line num="38" count="1" type="stmt"/>
        <line num="39" count="1" type="stmt"/>
        <line num="43" count="8" type="stmt"/>
        <line num="49" count="0" type="stmt"/>
        <line num="60" count="8" type="stmt"/>
      </file>
    </package>
    <package name="utils">
      <metrics statements="24" coveredstatements="24" conditionals="26" coveredconditionals="20" methods="7" coveredmethods="7"/>
      <file name="data.js" path="/Users/nguyenminhnghia/Desktop/Personal-Task-Management-App/src/utils/data.js">
        <metrics statements="5" coveredstatements="5" conditionals="0" coveredconditionals="0" methods="0" coveredmethods="0"/>
        <line num="1" count="1" type="stmt"/>
        <line num="9" count="1" type="stmt"/>
        <line num="11" count="1" type="stmt"/>
        <line num="17" count="1" type="stmt"/>
        <line num="19" count="1" type="stmt"/>
      </file>
      <file name="date.js" path="/Users/nguyenminhnghia/Desktop/Personal-Task-Management-App/src/utils/date.js">
        <metrics statements="7" coveredstatements="7" conditionals="2" coveredconditionals="2" methods="1" coveredmethods="1"/>
        <line num="1" count="2" type="stmt"/>
        <line num="2" count="34" type="cond" truecount="2" falsecount="0"/>
        <line num="3" count="3" type="stmt"/>
        <line num="4" count="3" type="stmt"/>
        <line num="5" count="3" type="stmt"/>
        <line num="6" count="3" type="stmt"/>
        <line num="7" count="3" type="stmt"/>
      </file>
      <file name="formFields.js" path="/Users/nguyenminhnghia/Desktop/Personal-Task-Management-App/src/utils/formFields.js">
        <metrics statements="6" coveredstatements="6" conditionals="24" coveredconditionals="18" methods="6" coveredmethods="6"/>
        <line num="11" count="27" type="stmt"/>
        <line num="39" count="2" type="cond" truecount="2" falsecount="0"/>
        <line num="50" count="25" type="stmt"/>
        <line num="74" count="14" type="stmt"/>
        <line num="93" count="21" type="stmt"/>
        <line num="113" count="3" type="cond" truecount="2" falsecount="0"/>
      </file>
      <file name="menus.js" path="/Users/nguyenminhnghia/Desktop/Personal-Task-Management-App/src/utils/menus.js">
        <metrics statements="1" coveredstatements="1" conditionals="0" coveredconditionals="0" methods="0" coveredmethods="0"/>
        <line num="1" count="1" type="stmt"/>
      </file>
      <file name="taskOptions.js" path="/Users/nguyenminhnghia/Desktop/Personal-Task-Management-App/src/utils/taskOptions.js">
        <metrics statements="2" coveredstatements="2" conditionals="0" coveredconditionals="0" methods="0" coveredmethods="0"/>
        <line num="1" count="2" type="stmt"/>
        <line num="7" count="2" type="stmt"/>
      </file>
      <file name="validation.js" path="/Users/nguyenminhnghia/Desktop/Personal-Task-Management-App/src/utils/validation.js">
        <metrics statements="3" coveredstatements="3" conditionals="0" coveredconditionals="0" methods="0" coveredmethods="0"/>
        <line num="1" count="4" type="stmt"/>
        <line num="9" count="4" type="stmt"/>
        <line num="18" count="4" type="stmt"/>
      </file>
    </package>
  </project>
</coverage>
