{"/Users/nguyenminhnghia/Desktop/Personal-Task-Management-App/src/auth/AuthSlice.js": {"path":"/Users/nguyenminhnghia/Desktop/Personal-Task-Management-App/src/auth/AuthSlice.js","statementMap":{"0":{"start":{"line":5,"column":28},"end":{"line":12,"column":1}},"1":{"start":{"line":8,"column":28},"end":{"line":8,"column":75}},"2":{"start":{"line":9,"column":4},"end":{"line":9,"column":53}},"3":{"start":{"line":9,"column":15},"end":{"line":9,"column":53}},"4":{"start":{"line":10,"column":4},"end":{"line":10,"column":21}},"5":{"start":{"line":15,"column":25},"end":{"line":36,"column":1}},"6":{"start":{"line":18,"column":28},"end":{"line":21,"column":6}},"7":{"start":{"line":23,"column":4},"end":{"line":23,"column":53}},"8":{"start":{"line":23,"column":15},"end":{"line":23,"column":53}},"9":{"start":{"line":25,"column":20},"end":{"line":25,"column":32}},"10":{"start":{"line":28,"column":4},"end":{"line":32,"column":5}},"11":{"start":{"line":29,"column":6},"end":{"line":29,"column":71}},"12":{"start":{"line":31,"column":6},"end":{"line":31,"column":73}},"13":{"start":{"line":34,"column":4},"end":{"line":34,"column":21}},"14":{"start":{"line":38,"column":18},"end":{"line":98,"column":2}},"15":{"start":{"line":47,"column":6},"end":{"line":47,"column":24}},"16":{"start":{"line":48,"column":6},"end":{"line":48,"column":49}},"17":{"start":{"line":49,"column":6},"end":{"line":49,"column":51}},"18":{"start":{"line":50,"column":6},"end":{"line":50,"column":30}},"19":{"start":{"line":54,"column":8},"end":{"line":55,"column":49}},"20":{"start":{"line":57,"column":6},"end":{"line":65,"column":7}},"21":{"start":{"line":58,"column":8},"end":{"line":64,"column":9}},"22":{"start":{"line":59,"column":26},"end":{"line":59,"column":44}},"23":{"start":{"line":60,"column":10},"end":{"line":60,"column":45}},"24":{"start":{"line":62,"column":10},"end":{"line":62,"column":49}},"25":{"start":{"line":63,"column":10},"end":{"line":63,"column":28}},"26":{"start":{"line":69,"column":4},"end":{"line":96,"column":9}},"27":{"start":{"line":72,"column":8},"end":{"line":72,"column":29}},"28":{"start":{"line":73,"column":8},"end":{"line":73,"column":27}},"29":{"start":{"line":76,"column":8},"end":{"line":76,"column":30}},"30":{"start":{"line":77,"column":8},"end":{"line":77,"column":36}},"31":{"start":{"line":80,"column":8},"end":{"line":80,"column":30}},"32":{"start":{"line":81,"column":8},"end":{"line":81,"column":37}},"33":{"start":{"line":86,"column":8},"end":{"line":86,"column":29}},"34":{"start":{"line":87,"column":8},"end":{"line":87,"column":27}},"35":{"start":{"line":90,"column":8},"end":{"line":90,"column":30}},"36":{"start":{"line":91,"column":8},"end":{"line":91,"column":36}},"37":{"start":{"line":94,"column":8},"end":{"line":94,"column":30}},"38":{"start":{"line":95,"column":8},"end":{"line":95,"column":37}},"39":{"start":{"line":100,"column":42},"end":{"line":100,"column":59}}},"fnMap":{"0":{"name":"(anonymous_0)","decl":{"start":{"line":7,"column":2},"end":{"line":7,"column":3}},"loc":{"start":{"line":7,"column":54},"end":{"line":11,"column":3}},"line":7},"1":{"name":"(anonymous_1)","decl":{"start":{"line":17,"column":2},"end":{"line":17,"column":3}},"loc":{"start":{"line":17,"column":64},"end":{"line":35,"column":3}},"line":17},"2":{"name":"(anonymous_2)","decl":{"start":{"line":46,"column":12},"end":{"line":46,"column":13}},"loc":{"start":{"line":46,"column":23},"end":{"line":51,"column":5}},"line":46},"3":{"name":"(anonymous_3)","decl":{"start":{"line":52,"column":20},"end":{"line":52,"column":21}},"loc":{"start":{"line":52,"column":31},"end":{"line":66,"column":5}},"line":52},"4":{"name":"(anonymous_4)","decl":{"start":{"line":68,"column":17},"end":{"line":68,"column":18}},"loc":{"start":{"line":68,"column":30},"end":{"line":97,"column":3}},"line":68},"5":{"name":"(anonymous_5)","decl":{"start":{"line":71,"column":37},"end":{"line":71,"column":38}},"loc":{"start":{"line":71,"column":48},"end":{"line":74,"column":7}},"line":71},"6":{"name":"(anonymous_6)","decl":{"start":{"line":75,"column":39},"end":{"line":75,"column":40}},"loc":{"start":{"line":75,"column":58},"end":{"line":78,"column":7}},"line":75},"7":{"name":"(anonymous_7)","decl":{"start":{"line":79,"column":38},"end":{"line":79,"column":39}},"loc":{"start":{"line":79,"column":57},"end":{"line":82,"column":7}},"line":79},"8":{"name":"(anonymous_8)","decl":{"start":{"line":85,"column":34},"end":{"line":85,"column":35}},"loc":{"start":{"line":85,"column":45},"end":{"line":88,"column":7}},"line":85},"9":{"name":"(anonymous_9)","decl":{"start":{"line":89,"column":36},"end":{"line":89,"column":37}},"loc":{"start":{"line":89,"column":55},"end":{"line":92,"column":7}},"line":89},"10":{"name":"(anonymous_10)","decl":{"start":{"line":93,"column":35},"end":{"line":93,"column":36}},"loc":{"start":{"line":93,"column":54},"end":{"line":96,"column":7}},"line":93}},"branchMap":{"0":{"loc":{"start":{"line":9,"column":4},"end":{"line":9,"column":53}},"type":"if","locations":[{"start":{"line":9,"column":4},"end":{"line":9,"column":53}},{"start":{},"end":{}}],"line":9},"1":{"loc":{"start":{"line":23,"column":4},"end":{"line":23,"column":53}},"type":"if","locations":[{"start":{"line":23,"column":4},"end":{"line":23,"column":53}},{"start":{},"end":{}}],"line":23},"2":{"loc":{"start":{"line":28,"column":4},"end":{"line":32,"column":5}},"type":"if","locations":[{"start":{"line":28,"column":4},"end":{"line":32,"column":5}},{"start":{"line":30,"column":11},"end":{"line":32,"column":5}}],"line":28},"3":{"loc":{"start":{"line":54,"column":8},"end":{"line":55,"column":49}},"type":"binary-expr","locations":[{"start":{"line":54,"column":8},"end":{"line":54,"column":47}},{"start":{"line":55,"column":8},"end":{"line":55,"column":49}}],"line":54},"4":{"loc":{"start":{"line":57,"column":6},"end":{"line":65,"column":7}},"type":"if","locations":[{"start":{"line":57,"column":6},"end":{"line":65,"column":7}},{"start":{},"end":{}}],"line":57},"5":{"loc":{"start":{"line":60,"column":23},"end":{"line":60,"column":44}},"type":"binary-expr","locations":[{"start":{"line":60,"column":23},"end":{"line":60,"column":36}},{"start":{"line":60,"column":40},"end":{"line":60,"column":44}}],"line":60}},"s":{"0":8,"1":3,"2":3,"3":1,"4":2,"5":8,"6":5,"7":5,"8":1,"9":4,"10":4,"11":2,"12":2,"13":4,"14":8,"15":2,"16":2,"17":2,"18":2,"19":0,"20":0,"21":0,"22":0,"23":0,"24":0,"25":0,"26":6,"27":3,"28":3,"29":1,"30":1,"31":2,"32":2,"33":5,"34":5,"35":4,"36":4,"37":1,"38":1,"39":8},"f":{"0":3,"1":5,"2":2,"3":0,"4":6,"5":3,"6":1,"7":2,"8":5,"9":4,"10":1},"b":{"0":[1,2],"1":[1,4],"2":[2,2],"3":[0,0],"4":[0,0],"5":[0,0]},"_coverageSchema":"1a1c01bbd47fc00a2c39e90264f33305004495a9","hash":"5900a74dffd0bfe94a9154b9cadc37895cd77905"}
,"/Users/nguyenminhnghia/Desktop/Personal-Task-Management-App/src/auth/ForgotPasswordPage.jsx": {"path":"/Users/nguyenminhnghia/Desktop/Personal-Task-Management-App/src/auth/ForgotPasswordPage.jsx","statementMap":{"0":{"start":{"line":10,"column":34},"end":{"line":95,"column":1}},"1":{"start":{"line":15,"column":6},"end":{"line":15,"column":15}},"2":{"start":{"line":16,"column":40},"end":{"line":16,"column":55}},"3":{"start":{"line":17,"column":32},"end":{"line":17,"column":47}},"4":{"start":{"line":18,"column":34},"end":{"line":18,"column":46}},"5":{"start":{"line":20,"column":19},"end":{"line":40,"column":3}},"6":{"start":{"line":21,"column":4},"end":{"line":21,"column":28}},"7":{"start":{"line":21,"column":21},"end":{"line":21,"column":28}},"8":{"start":{"line":22,"column":4},"end":{"line":22,"column":21}},"9":{"start":{"line":23,"column":4},"end":{"line":23,"column":20}},"10":{"start":{"line":25,"column":4},"end":{"line":39,"column":5}},"11":{"start":{"line":26,"column":24},"end":{"line":28,"column":8}},"12":{"start":{"line":30,"column":6},"end":{"line":34,"column":7}},"13":{"start":{"line":31,"column":8},"end":{"line":31,"column":35}},"14":{"start":{"line":33,"column":8},"end":{"line":33,"column":29}},"15":{"start":{"line":36,"column":6},"end":{"line":36,"column":69}},"16":{"start":{"line":38,"column":6},"end":{"line":38,"column":24}},"17":{"start":{"line":42,"column":17},"end":{"line":42,"column":42}},"18":{"start":{"line":44,"column":2},"end":{"line":94,"column":4}},"19":{"start":{"line":56,"column":12},"end":{"line":69,"column":24}},"20":{"start":{"line":89,"column":23},"end":{"line":89,"column":44}}},"fnMap":{"0":{"name":"(anonymous_0)","decl":{"start":{"line":10,"column":34},"end":{"line":10,"column":35}},"loc":{"start":{"line":10,"column":40},"end":{"line":95,"column":1}},"line":10},"1":{"name":"(anonymous_1)","decl":{"start":{"line":20,"column":19},"end":{"line":20,"column":20}},"loc":{"start":{"line":20,"column":35},"end":{"line":40,"column":3}},"line":20},"2":{"name":"(anonymous_2)","decl":{"start":{"line":55,"column":22},"end":{"line":55,"column":23}},"loc":{"start":{"line":56,"column":12},"end":{"line":69,"column":24}},"line":56},"3":{"name":"(anonymous_3)","decl":{"start":{"line":89,"column":17},"end":{"line":89,"column":18}},"loc":{"start":{"line":89,"column":23},"end":{"line":89,"column":44}},"line":89}},"branchMap":{"0":{"loc":{"start":{"line":21,"column":4},"end":{"line":21,"column":28}},"type":"if","locations":[{"start":{"line":21,"column":4},"end":{"line":21,"column":28}},{"start":{},"end":{}}],"line":21},"1":{"loc":{"start":{"line":30,"column":6},"end":{"line":34,"column":7}},"type":"if","locations":[{"start":{"line":30,"column":6},"end":{"line":34,"column":7}},{"start":{"line":32,"column":13},"end":{"line":34,"column":7}}],"line":30},"2":{"loc":{"start":{"line":36,"column":18},"end":{"line":36,"column":67}},"type":"binary-expr","locations":[{"start":{"line":36,"column":18},"end":{"line":36,"column":29}},{"start":{"line":36,"column":33},"end":{"line":36,"column":67}}],"line":36},"3":{"loc":{"start":{"line":64,"column":15},"end":{"line":68,"column":15}},"type":"binary-expr","locations":[{"start":{"line":64,"column":15},"end":{"line":64,"column":25}},{"start":{"line":65,"column":16},"end":{"line":67,"column":23}}],"line":64},"4":{"loc":{"start":{"line":72,"column":11},"end":{"line":74,"column":11}},"type":"binary-expr","locations":[{"start":{"line":72,"column":11},"end":{"line":72,"column":19}},{"start":{"line":73,"column":12},"end":{"line":73,"column":74}}],"line":72}},"s":{"0":1,"1":14,"2":14,"3":14,"4":14,"5":14,"6":2,"7":0,"8":2,"9":2,"10":2,"11":2,"12":2,"13":1,"14":1,"15":0,"16":2,"17":14,"18":14,"19":14,"20":0},"f":{"0":14,"1":2,"2":14,"3":0},"b":{"0":[0,2],"1":[1,1],"2":[0,0],"3":[14,14],"4":[14,1]},"_coverageSchema":"1a1c01bbd47fc00a2c39e90264f33305004495a9","hash":"b7c98a8862f94f2379d0d4c41fa9deab3633451f"}
,"/Users/nguyenminhnghia/Desktop/Personal-Task-Management-App/src/auth/LoginPage.jsx": {"path":"/Users/nguyenminhnghia/Desktop/Personal-Task-Management-App/src/auth/LoginPage.jsx","statementMap":{"0":{"start":{"line":14,"column":25},"end":{"line":114,"column":1}},"1":{"start":{"line":19,"column":6},"end":{"line":19,"column":15}},"2":{"start":{"line":20,"column":19},"end":{"line":20,"column":32}},"3":{"start":{"line":21,"column":17},"end":{"line":21,"column":39}},"4":{"start":{"line":22,"column":29},"end":{"line":22,"column":63}},"5":{"start":{"line":22,"column":52},"end":{"line":22,"column":62}},"6":{"start":{"line":24,"column":42},"end":{"line":24,"column":57}},"7":{"start":{"line":25,"column":25},"end":{"line":28,"column":3}},"8":{"start":{"line":26,"column":10},"end":{"line":26,"column":42}},"9":{"start":{"line":26,"column":36},"end":{"line":26,"column":41}},"10":{"start":{"line":30,"column":19},"end":{"line":41,"column":3}},"11":{"start":{"line":31,"column":4},"end":{"line":40,"column":50}},"12":{"start":{"line":39,"column":18},"end":{"line":39,"column":63}},"13":{"start":{"line":40,"column":19},"end":{"line":40,"column":48}},"14":{"start":{"line":43,"column":17},"end":{"line":43,"column":61}},"15":{"start":{"line":45,"column":2},"end":{"line":113,"column":4}},"16":{"start":{"line":58,"column":12},"end":{"line":78,"column":24}}},"fnMap":{"0":{"name":"(anonymous_0)","decl":{"start":{"line":14,"column":25},"end":{"line":14,"column":26}},"loc":{"start":{"line":14,"column":31},"end":{"line":114,"column":1}},"line":14},"1":{"name":"(anonymous_1)","decl":{"start":{"line":22,"column":41},"end":{"line":22,"column":42}},"loc":{"start":{"line":22,"column":52},"end":{"line":22,"column":62}},"line":22},"2":{"name":"(anonymous_2)","decl":{"start":{"line":26,"column":4},"end":{"line":26,"column":5}},"loc":{"start":{"line":26,"column":10},"end":{"line":26,"column":42}},"line":26},"3":{"name":"(anonymous_3)","decl":{"start":{"line":26,"column":26},"end":{"line":26,"column":27}},"loc":{"start":{"line":26,"column":36},"end":{"line":26,"column":41}},"line":26},"4":{"name":"(anonymous_4)","decl":{"start":{"line":30,"column":19},"end":{"line":30,"column":20}},"loc":{"start":{"line":30,"column":29},"end":{"line":41,"column":3}},"line":30},"5":{"name":"(anonymous_5)","decl":{"start":{"line":39,"column":12},"end":{"line":39,"column":13}},"loc":{"start":{"line":39,"column":18},"end":{"line":39,"column":63}},"line":39},"6":{"name":"(anonymous_6)","decl":{"start":{"line":40,"column":13},"end":{"line":40,"column":14}},"loc":{"start":{"line":40,"column":19},"end":{"line":40,"column":48}},"line":40},"7":{"name":"(anonymous_7)","decl":{"start":{"line":57,"column":22},"end":{"line":57,"column":23}},"loc":{"start":{"line":58,"column":12},"end":{"line":78,"column":24}},"line":58}},"branchMap":{"0":{"loc":{"start":{"line":66,"column":15},"end":{"line":72,"column":15}},"type":"binary-expr","locations":[{"start":{"line":66,"column":15},"end":{"line":66,"column":27}},{"start":{"line":67,"column":16},"end":{"line":71,"column":18}}],"line":66},"1":{"loc":{"start":{"line":73,"column":15},"end":{"line":77,"column":15}},"type":"binary-expr","locations":[{"start":{"line":73,"column":15},"end":{"line":73,"column":25}},{"start":{"line":74,"column":16},"end":{"line":76,"column":23}}],"line":73},"2":{"loc":{"start":{"line":92,"column":11},"end":{"line":98,"column":11}},"type":"binary-expr","locations":[{"start":{"line":92,"column":11},"end":{"line":92,"column":16}},{"start":{"line":93,"column":12},"end":{"line":97,"column":16}}],"line":92},"3":{"loc":{"start":{"line":94,"column":15},"end":{"line":96,"column":23}},"type":"cond-expr","locations":[{"start":{"line":95,"column":18},"end":{"line":95,"column":50}},{"start":{"line":96,"column":18},"end":{"line":96,"column":23}}],"line":94}},"s":{"0":1,"1":25,"2":25,"3":25,"4":25,"5":37,"6":25,"7":25,"8":2,"9":2,"10":25,"11":2,"12":2,"13":0,"14":25,"15":25,"16":50},"f":{"0":25,"1":37,"2":2,"3":2,"4":2,"5":2,"6":0,"7":50},"b":{"0":[50,25],"1":[50,50],"2":[25,2],"3":[0,2]},"_coverageSchema":"1a1c01bbd47fc00a2c39e90264f33305004495a9","hash":"8e587c89d64bb87bc5bc174940c19c397dded535"}
,"/Users/nguyenminhnghia/Desktop/Personal-Task-Management-App/src/auth/RegisterPage.jsx": {"path":"/Users/nguyenminhnghia/Desktop/Personal-Task-Management-App/src/auth/RegisterPage.jsx","statementMap":{"0":{"start":{"line":17,"column":28},"end":{"line":123,"column":1}},"1":{"start":{"line":23,"column":6},"end":{"line":23,"column":15}},"2":{"start":{"line":24,"column":17},"end":{"line":24,"column":39}},"3":{"start":{"line":25,"column":19},"end":{"line":25,"column":32}},"4":{"start":{"line":26,"column":29},"end":{"line":26,"column":63}},"5":{"start":{"line":26,"column":52},"end":{"line":26,"column":62}},"6":{"start":{"line":28,"column":42},"end":{"line":28,"column":57}},"7":{"start":{"line":29,"column":56},"end":{"line":29,"column":71}},"8":{"start":{"line":31,"column":25},"end":{"line":34,"column":3}},"9":{"start":{"line":32,"column":10},"end":{"line":32,"column":42}},"10":{"start":{"line":32,"column":36},"end":{"line":32,"column":41}},"11":{"start":{"line":35,"column":32},"end":{"line":38,"column":3}},"12":{"start":{"line":36,"column":10},"end":{"line":36,"column":49}},"13":{"start":{"line":36,"column":43},"end":{"line":36,"column":48}},"14":{"start":{"line":39,"column":19},"end":{"line":39,"column":36}},"15":{"start":{"line":41,"column":19},"end":{"line":48,"column":3}},"16":{"start":{"line":42,"column":4},"end":{"line":47,"column":78}},"17":{"start":{"line":45,"column":8},"end":{"line":45,"column":72}},"18":{"start":{"line":47,"column":22},"end":{"line":47,"column":76}},"19":{"start":{"line":50,"column":17},"end":{"line":56,"column":3}},"20":{"start":{"line":58,"column":2},"end":{"line":122,"column":4}},"21":{"start":{"line":71,"column":12},"end":{"line":91,"column":24}}},"fnMap":{"0":{"name":"(anonymous_0)","decl":{"start":{"line":17,"column":28},"end":{"line":17,"column":29}},"loc":{"start":{"line":17,"column":34},"end":{"line":123,"column":1}},"line":17},"1":{"name":"(anonymous_1)","decl":{"start":{"line":26,"column":41},"end":{"line":26,"column":42}},"loc":{"start":{"line":26,"column":52},"end":{"line":26,"column":62}},"line":26},"2":{"name":"(anonymous_2)","decl":{"start":{"line":32,"column":4},"end":{"line":32,"column":5}},"loc":{"start":{"line":32,"column":10},"end":{"line":32,"column":42}},"line":32},"3":{"name":"(anonymous_3)","decl":{"start":{"line":32,"column":26},"end":{"line":32,"column":27}},"loc":{"start":{"line":32,"column":36},"end":{"line":32,"column":41}},"line":32},"4":{"name":"(anonymous_4)","decl":{"start":{"line":36,"column":4},"end":{"line":36,"column":5}},"loc":{"start":{"line":36,"column":10},"end":{"line":36,"column":49}},"line":36},"5":{"name":"(anonymous_5)","decl":{"start":{"line":36,"column":33},"end":{"line":36,"column":34}},"loc":{"start":{"line":36,"column":43},"end":{"line":36,"column":48}},"line":36},"6":{"name":"(anonymous_6)","decl":{"start":{"line":41,"column":19},"end":{"line":41,"column":20}},"loc":{"start":{"line":41,"column":29},"end":{"line":48,"column":3}},"line":41},"7":{"name":"(anonymous_7)","decl":{"start":{"line":44,"column":12},"end":{"line":44,"column":13}},"loc":{"start":{"line":45,"column":8},"end":{"line":45,"column":72}},"line":45},"8":{"name":"(anonymous_8)","decl":{"start":{"line":47,"column":13},"end":{"line":47,"column":14}},"loc":{"start":{"line":47,"column":22},"end":{"line":47,"column":76}},"line":47},"9":{"name":"(anonymous_9)","decl":{"start":{"line":70,"column":22},"end":{"line":70,"column":23}},"loc":{"start":{"line":71,"column":12},"end":{"line":91,"column":24}},"line":71}},"branchMap":{"0":{"loc":{"start":{"line":47,"column":34},"end":{"line":47,"column":75}},"type":"binary-expr","locations":[{"start":{"line":47,"column":34},"end":{"line":47,"column":37}},{"start":{"line":47,"column":41},"end":{"line":47,"column":75}}],"line":47},"1":{"loc":{"start":{"line":79,"column":15},"end":{"line":85,"column":15}},"type":"binary-expr","locations":[{"start":{"line":79,"column":15},"end":{"line":79,"column":27}},{"start":{"line":80,"column":16},"end":{"line":84,"column":18}}],"line":79},"2":{"loc":{"start":{"line":86,"column":15},"end":{"line":90,"column":15}},"type":"binary-expr","locations":[{"start":{"line":86,"column":15},"end":{"line":86,"column":25}},{"start":{"line":87,"column":16},"end":{"line":89,"column":23}}],"line":86},"3":{"loc":{"start":{"line":107,"column":11},"end":{"line":107,"column":79}},"type":"binary-expr","locations":[{"start":{"line":107,"column":11},"end":{"line":107,"column":16}},{"start":{"line":107,"column":20},"end":{"line":107,"column":79}}],"line":107}},"s":{"0":1,"1":27,"2":27,"3":27,"4":27,"5":37,"6":27,"7":27,"8":27,"9":0,"10":0,"11":27,"12":0,"13":0,"14":27,"15":27,"16":1,"17":0,"18":1,"19":27,"20":27,"21":81},"f":{"0":27,"1":37,"2":0,"3":0,"4":0,"5":0,"6":1,"7":0,"8":1,"9":81},"b":{"0":[1,0],"1":[81,54],"2":[81,81],"3":[27,2]},"_coverageSchema":"1a1c01bbd47fc00a2c39e90264f33305004495a9","hash":"8f3f38b24c32c2e3055da2cf51cb31b1f85c3585"}
,"/Users/nguyenminhnghia/Desktop/Personal-Task-Management-App/src/auth/ResetPasswordPage.jsx": {"path":"/Users/nguyenminhnghia/Desktop/Personal-Task-Management-App/src/auth/ResetPasswordPage.jsx","statementMap":{"0":{"start":{"line":10,"column":33},"end":{"line":115,"column":1}},"1":{"start":{"line":16,"column":6},"end":{"line":16,"column":15}},"2":{"start":{"line":18,"column":32},"end":{"line":18,"column":47}},"3":{"start":{"line":19,"column":32},"end":{"line":19,"column":44}},"4":{"start":{"line":21,"column":42},"end":{"line":21,"column":57}},"5":{"start":{"line":22,"column":56},"end":{"line":22,"column":71}},"6":{"start":{"line":24,"column":25},"end":{"line":27,"column":3}},"7":{"start":{"line":25,"column":10},"end":{"line":25,"column":42}},"8":{"start":{"line":25,"column":36},"end":{"line":25,"column":41}},"9":{"start":{"line":28,"column":32},"end":{"line":31,"column":3}},"10":{"start":{"line":29,"column":10},"end":{"line":29,"column":49}},"11":{"start":{"line":29,"column":43},"end":{"line":29,"column":48}},"12":{"start":{"line":33,"column":19},"end":{"line":33,"column":36}},"13":{"start":{"line":35,"column":19},"end":{"line":54,"column":3}},"14":{"start":{"line":36,"column":4},"end":{"line":36,"column":21}},"15":{"start":{"line":37,"column":4},"end":{"line":37,"column":19}},"16":{"start":{"line":38,"column":4},"end":{"line":53,"column":5}},"17":{"start":{"line":39,"column":24},"end":{"line":41,"column":8}},"18":{"start":{"line":42,"column":6},"end":{"line":48,"column":7}},"19":{"start":{"line":43,"column":8},"end":{"line":43,"column":34}},"20":{"start":{"line":45,"column":8},"end":{"line":47,"column":10}},"21":{"start":{"line":50,"column":6},"end":{"line":50,"column":68}},"22":{"start":{"line":52,"column":6},"end":{"line":52,"column":24}},"23":{"start":{"line":56,"column":17},"end":{"line":62,"column":3}},"24":{"start":{"line":64,"column":2},"end":{"line":114,"column":4}},"25":{"start":{"line":83,"column":12},"end":{"line":103,"column":24}}},"fnMap":{"0":{"name":"(anonymous_0)","decl":{"start":{"line":10,"column":33},"end":{"line":10,"column":34}},"loc":{"start":{"line":10,"column":39},"end":{"line":115,"column":1}},"line":10},"1":{"name":"(anonymous_1)","decl":{"start":{"line":25,"column":4},"end":{"line":25,"column":5}},"loc":{"start":{"line":25,"column":10},"end":{"line":25,"column":42}},"line":25},"2":{"name":"(anonymous_2)","decl":{"start":{"line":25,"column":26},"end":{"line":25,"column":27}},"loc":{"start":{"line":25,"column":36},"end":{"line":25,"column":41}},"line":25},"3":{"name":"(anonymous_3)","decl":{"start":{"line":29,"column":4},"end":{"line":29,"column":5}},"loc":{"start":{"line":29,"column":10},"end":{"line":29,"column":49}},"line":29},"4":{"name":"(anonymous_4)","decl":{"start":{"line":29,"column":33},"end":{"line":29,"column":34}},"loc":{"start":{"line":29,"column":43},"end":{"line":29,"column":48}},"line":29},"5":{"name":"(anonymous_5)","decl":{"start":{"line":35,"column":19},"end":{"line":35,"column":20}},"loc":{"start":{"line":35,"column":35},"end":{"line":54,"column":3}},"line":35},"6":{"name":"(anonymous_6)","decl":{"start":{"line":82,"column":22},"end":{"line":82,"column":23}},"loc":{"start":{"line":83,"column":12},"end":{"line":103,"column":24}},"line":83}},"branchMap":{"0":{"loc":{"start":{"line":42,"column":6},"end":{"line":48,"column":7}},"type":"if","locations":[{"start":{"line":42,"column":6},"end":{"line":48,"column":7}},{"start":{"line":44,"column":13},"end":{"line":48,"column":7}}],"line":42},"1":{"loc":{"start":{"line":50,"column":17},"end":{"line":50,"column":66}},"type":"binary-expr","locations":[{"start":{"line":50,"column":17},"end":{"line":50,"column":28}},{"start":{"line":50,"column":32},"end":{"line":50,"column":66}}],"line":50},"2":{"loc":{"start":{"line":91,"column":15},"end":{"line":97,"column":15}},"type":"binary-expr","locations":[{"start":{"line":91,"column":15},"end":{"line":91,"column":27}},{"start":{"line":92,"column":16},"end":{"line":96,"column":18}}],"line":91},"3":{"loc":{"start":{"line":98,"column":15},"end":{"line":102,"column":15}},"type":"binary-expr","locations":[{"start":{"line":98,"column":15},"end":{"line":98,"column":25}},{"start":{"line":99,"column":16},"end":{"line":101,"column":23}}],"line":98},"4":{"loc":{"start":{"line":109,"column":9},"end":{"line":111,"column":9}},"type":"binary-expr","locations":[{"start":{"line":109,"column":9},"end":{"line":109,"column":16}},{"start":{"line":110,"column":10},"end":{"line":110,"column":78}}],"line":109}},"s":{"0":1,"1":21,"2":21,"3":21,"4":21,"5":21,"6":21,"7":2,"8":2,"9":21,"10":0,"11":0,"12":21,"13":21,"14":2,"15":2,"16":2,"17":2,"18":2,"19":1,"20":1,"21":0,"22":2,"23":21,"24":21,"25":42},"f":{"0":21,"1":2,"2":2,"3":0,"4":0,"5":2,"6":42},"b":{"0":[1,1],"1":[0,0],"2":[42,42],"3":[42,42],"4":[21,2]},"_coverageSchema":"1a1c01bbd47fc00a2c39e90264f33305004495a9","hash":"ac5d78501ce9f31615643e2efcf3ae121ab58e08"}
,"/Users/nguyenminhnghia/Desktop/Personal-Task-Management-App/src/components/ButtonLoading.jsx": {"path":"/Users/nguyenminhnghia/Desktop/Personal-Task-Management-App/src/components/ButtonLoading.jsx","statementMap":{"0":{"start":{"line":4,"column":29},"end":{"line":12,"column":1}},"1":{"start":{"line":5,"column":2},"end":{"line":11,"column":11}}},"fnMap":{"0":{"name":"(anonymous_0)","decl":{"start":{"line":4,"column":29},"end":{"line":4,"column":30}},"loc":{"start":{"line":5,"column":2},"end":{"line":11,"column":11}},"line":5}},"branchMap":{"0":{"loc":{"start":{"line":10,"column":5},"end":{"line":10,"column":60}},"type":"cond-expr","locations":[{"start":{"line":10,"column":15},"end":{"line":10,"column":49}},{"start":{"line":10,"column":52},"end":{"line":10,"column":60}}],"line":10}},"s":{"0":4,"1":87},"f":{"0":87},"b":{"0":[3,84]},"_coverageSchema":"1a1c01bbd47fc00a2c39e90264f33305004495a9","hash":"068fd9355d597592a51cfe0d2d9ddb4505ad7d51"}
,"/Users/nguyenminhnghia/Desktop/Personal-Task-Management-App/src/components/Checkbox.jsx": {"path":"/Users/nguyenminhnghia/Desktop/Personal-Task-Management-App/src/components/Checkbox.jsx","statementMap":{"0":{"start":{"line":3,"column":24},"end":{"line":15,"column":1}},"1":{"start":{"line":4,"column":2},"end":{"line":14,"column":8}}},"fnMap":{"0":{"name":"(anonymous_0)","decl":{"start":{"line":3,"column":24},"end":{"line":3,"column":25}},"loc":{"start":{"line":4,"column":2},"end":{"line":14,"column":8}},"line":4}},"branchMap":{"0":{"loc":{"start":{"line":13,"column":5},"end":{"line":13,"column":74}},"type":"binary-expr","locations":[{"start":{"line":13,"column":5},"end":{"line":13,"column":10}},{"start":{"line":13,"column":14},"end":{"line":13,"column":74}}],"line":13}},"s":{"0":2,"1":52},"f":{"0":52},"b":{"0":[52,1]},"_coverageSchema":"1a1c01bbd47fc00a2c39e90264f33305004495a9","hash":"cc97280ca9eeea8ff4099c29490400b9a045526e"}
,"/Users/nguyenminhnghia/Desktop/Personal-Task-Management-App/src/components/ChecklistEditor.jsx": {"path":"/Users/nguyenminhnghia/Desktop/Personal-Task-Management-App/src/components/ChecklistEditor.jsx","statementMap":{"0":{"start":{"line":4,"column":31},"end":{"line":61,"column":1}},"1":{"start":{"line":12,"column":2},"end":{"line":60,"column":4}},"2":{"start":{"line":17,"column":10},"end":{"line":39,"column":16}},"3":{"start":{"line":25,"column":32},"end":{"line":25,"column":49}},"4":{"start":{"line":34,"column":29},"end":{"line":34,"column":46}},"5":{"start":{"line":47,"column":27},"end":{"line":47,"column":53}}},"fnMap":{"0":{"name":"(anonymous_0)","decl":{"start":{"line":4,"column":31},"end":{"line":4,"column":32}},"loc":{"start":{"line":11,"column":6},"end":{"line":61,"column":1}},"line":11},"1":{"name":"(anonymous_1)","decl":{"start":{"line":16,"column":23},"end":{"line":16,"column":24}},"loc":{"start":{"line":17,"column":10},"end":{"line":39,"column":16}},"line":17},"2":{"name":"(anonymous_2)","decl":{"start":{"line":25,"column":26},"end":{"line":25,"column":27}},"loc":{"start":{"line":25,"column":32},"end":{"line":25,"column":49}},"line":25},"3":{"name":"(anonymous_3)","decl":{"start":{"line":34,"column":23},"end":{"line":34,"column":24}},"loc":{"start":{"line":34,"column":29},"end":{"line":34,"column":46}},"line":34},"4":{"name":"(anonymous_4)","decl":{"start":{"line":47,"column":20},"end":{"line":47,"column":21}},"loc":{"start":{"line":47,"column":27},"end":{"line":47,"column":53}},"line":47}},"branchMap":{"0":{"loc":{"start":{"line":28,"column":31},"end":{"line":28,"column":76}},"type":"cond-expr","locations":[{"start":{"line":28,"column":43},"end":{"line":28,"column":71}},{"start":{"line":28,"column":74},"end":{"line":28,"column":76}}],"line":28}},"s":{"0":2,"1":10,"2":1,"3":1,"4":1,"5":1},"f":{"0":10,"1":1,"2":1,"3":1,"4":1},"b":{"0":[0,1]},"_coverageSchema":"1a1c01bbd47fc00a2c39e90264f33305004495a9","hash":"08611bbaed3b2901a6d77439dc19d91f1629bf16"}
,"/Users/nguyenminhnghia/Desktop/Personal-Task-Management-App/src/components/ChecklistView.jsx": {"path":"/Users/nguyenminhnghia/Desktop/Personal-Task-Management-App/src/components/ChecklistView.jsx","statementMap":{"0":{"start":{"line":3,"column":29},"end":{"line":20,"column":1}},"1":{"start":{"line":4,"column":2},"end":{"line":6,"column":3}},"2":{"start":{"line":5,"column":4},"end":{"line":5,"column":66}},"3":{"start":{"line":8,"column":2},"end":{"line":19,"column":4}},"4":{"start":{"line":11,"column":8},"end":{"line":16,"column":13}}},"fnMap":{"0":{"name":"(anonymous_0)","decl":{"start":{"line":3,"column":29},"end":{"line":3,"column":30}},"loc":{"start":{"line":3,"column":48},"end":{"line":20,"column":1}},"line":3},"1":{"name":"(anonymous_1)","decl":{"start":{"line":10,"column":21},"end":{"line":10,"column":22}},"loc":{"start":{"line":11,"column":8},"end":{"line":16,"column":13}},"line":11}},"branchMap":{"0":{"loc":{"start":{"line":4,"column":2},"end":{"line":6,"column":3}},"type":"if","locations":[{"start":{"line":4,"column":2},"end":{"line":6,"column":3}},{"start":{},"end":{}}],"line":4},"1":{"loc":{"start":{"line":4,"column":6},"end":{"line":4,"column":42}},"type":"binary-expr","locations":[{"start":{"line":4,"column":6},"end":{"line":4,"column":16}},{"start":{"line":4,"column":20},"end":{"line":4,"column":42}}],"line":4},"2":{"loc":{"start":{"line":13,"column":21},"end":{"line":13,"column":66}},"type":"cond-expr","locations":[{"start":{"line":13,"column":33},"end":{"line":13,"column":61}},{"start":{"line":13,"column":64},"end":{"line":13,"column":66}}],"line":13}},"s":{"0":1,"1":14,"2":14,"3":0,"4":0},"f":{"0":14,"1":0},"b":{"0":[14,0],"1":[14,0],"2":[0,0]},"_coverageSchema":"1a1c01bbd47fc00a2c39e90264f33305004495a9","hash":"917510c3118c43891d82817c7b42f2f4ee8afc18"}
,"/Users/nguyenminhnghia/Desktop/Personal-Task-Management-App/src/components/FormField.jsx": {"path":"/Users/nguyenminhnghia/Desktop/Personal-Task-Management-App/src/components/FormField.jsx","statementMap":{"0":{"start":{"line":3,"column":25},"end":{"line":17,"column":1}},"1":{"start":{"line":4,"column":13},"end":{"line":4,"column":64}},"2":{"start":{"line":6,"column":2},"end":{"line":16,"column":4}}},"fnMap":{"0":{"name":"(anonymous_0)","decl":{"start":{"line":3,"column":25},"end":{"line":3,"column":26}},"loc":{"start":{"line":3,"column":57},"end":{"line":17,"column":1}},"line":3}},"branchMap":{"0":{"loc":{"start":{"line":11,"column":7},"end":{"line":13,"column":18}},"type":"cond-expr","locations":[{"start":{"line":12,"column":10},"end":{"line":12,"column":46}},{"start":{"line":13,"column":10},"end":{"line":13,"column":18}}],"line":11},"1":{"loc":{"start":{"line":14,"column":7},"end":{"line":14,"column":68}},"type":"binary-expr","locations":[{"start":{"line":14,"column":7},"end":{"line":14,"column":12}},{"start":{"line":14,"column":16},"end":{"line":14,"column":68}}],"line":14}},"s":{"0":2,"1":50,"2":50},"f":{"0":50},"b":{"0":[50,0],"1":[50,2]},"_coverageSchema":"1a1c01bbd47fc00a2c39e90264f33305004495a9","hash":"ff0a0133ec545e4ce5b26a950bf94a7babeb54d4"}
,"/Users/nguyenminhnghia/Desktop/Personal-Task-Management-App/src/components/FormInput.jsx": {"path":"/Users/nguyenminhnghia/Desktop/Personal-Task-Management-App/src/components/FormInput.jsx","statementMap":{"0":{"start":{"line":3,"column":27},"end":{"line":7,"column":1}},"1":{"start":{"line":9,"column":25},"end":{"line":46,"column":1}},"2":{"start":{"line":23,"column":4},"end":{"line":44,"column":6}}},"fnMap":{"0":{"name":"(anonymous_0)","decl":{"start":{"line":10,"column":2},"end":{"line":10,"column":3}},"loc":{"start":{"line":22,"column":7},"end":{"line":45,"column":3}},"line":22}},"branchMap":{"0":{"loc":{"start":{"line":13,"column":6},"end":{"line":13,"column":19}},"type":"default-arg","locations":[{"start":{"line":13,"column":13},"end":{"line":13,"column":19}}],"line":13},"1":{"loc":{"start":{"line":25,"column":9},"end":{"line":27,"column":9}},"type":"binary-expr","locations":[{"start":{"line":25,"column":9},"end":{"line":25,"column":14}},{"start":{"line":26,"column":10},"end":{"line":26,"column":76}}],"line":25},"2":{"loc":{"start":{"line":34,"column":26},"end":{"line":34,"column":59}},"type":"binary-expr","locations":[{"start":{"line":34,"column":26},"end":{"line":34,"column":50}},{"start":{"line":34,"column":54},"end":{"line":34,"column":59}}],"line":34},"3":{"loc":{"start":{"line":37,"column":14},"end":{"line":37,"column":29}},"type":"binary-expr","locations":[{"start":{"line":37,"column":14},"end":{"line":37,"column":23}},{"start":{"line":37,"column":27},"end":{"line":37,"column":29}}],"line":37},"4":{"loc":{"start":{"line":42,"column":9},"end":{"line":42,"column":78}},"type":"binary-expr","locations":[{"start":{"line":42,"column":9},"end":{"line":42,"column":14}},{"start":{"line":42,"column":18},"end":{"line":42,"column":78}}],"line":42}},"s":{"0":4,"1":4,"2":187},"f":{"0":187},"b":{"0":[0],"1":[187,187],"2":[187,0],"3":[187,187],"4":[187,25]},"_coverageSchema":"1a1c01bbd47fc00a2c39e90264f33305004495a9","hash":"ef0791d70c198300c41fad553a89cc34b621aae7"}
,"/Users/nguyenminhnghia/Desktop/Personal-Task-Management-App/src/components/InputBase.jsx": {"path":"/Users/nguyenminhnghia/Desktop/Personal-Task-Management-App/src/components/InputBase.jsx","statementMap":{"0":{"start":{"line":3,"column":25},"end":{"line":15,"column":1}},"1":{"start":{"line":5,"column":4},"end":{"line":5,"column":86}},"2":{"start":{"line":7,"column":2},"end":{"line":14,"column":4}}},"fnMap":{"0":{"name":"(anonymous_0)","decl":{"start":{"line":3,"column":25},"end":{"line":3,"column":26}},"loc":{"start":{"line":3,"column":66},"end":{"line":15,"column":1}},"line":3}},"branchMap":{"0":{"loc":{"start":{"line":3,"column":35},"end":{"line":3,"column":49}},"type":"default-arg","locations":[{"start":{"line":3,"column":47},"end":{"line":3,"column":49}}],"line":3},"1":{"loc":{"start":{"line":10,"column":8},"end":{"line":10,"column":52}},"type":"cond-expr","locations":[{"start":{"line":10,"column":16},"end":{"line":10,"column":32}},{"start":{"line":10,"column":35},"end":{"line":10,"column":52}}],"line":10}},"s":{"0":2,"1":20,"2":20},"f":{"0":20},"b":{"0":[20],"1":[2,18]},"_coverageSchema":"1a1c01bbd47fc00a2c39e90264f33305004495a9","hash":"8f48c245420d9177c5ced8f4b6e766508cc626bc"}
,"/Users/nguyenminhnghia/Desktop/Personal-Task-Management-App/src/components/LoadingDots.jsx": {"path":"/Users/nguyenminhnghia/Desktop/Personal-Task-Management-App/src/components/LoadingDots.jsx","statementMap":{"0":{"start":{"line":3,"column":27},"end":{"line":18,"column":1}},"1":{"start":{"line":4,"column":2},"end":{"line":17,"column":8}}},"fnMap":{"0":{"name":"(anonymous_0)","decl":{"start":{"line":3,"column":27},"end":{"line":3,"column":28}},"loc":{"start":{"line":4,"column":2},"end":{"line":17,"column":8}},"line":4}},"branchMap":{},"s":{"0":1,"1":1},"f":{"0":1},"b":{},"_coverageSchema":"1a1c01bbd47fc00a2c39e90264f33305004495a9","hash":"ed45f931a2eddb1515788a97e297de0a5d4947b3"}
,"/Users/nguyenminhnghia/Desktop/Personal-Task-Management-App/src/components/MainHeader.jsx": {"path":"/Users/nguyenminhnghia/Desktop/Personal-Task-Management-App/src/components/MainHeader.jsx","statementMap":{"0":{"start":{"line":5,"column":26},"end":{"line":33,"column":1}},"1":{"start":{"line":6,"column":15},"end":{"line":6,"column":54}},"2":{"start":{"line":6,"column":38},"end":{"line":6,"column":53}},"3":{"start":{"line":8,"column":2},"end":{"line":32,"column":4}},"4":{"start":{"line":12,"column":23},"end":{"line":12,"column":43}}},"fnMap":{"0":{"name":"(anonymous_0)","decl":{"start":{"line":5,"column":26},"end":{"line":5,"column":27}},"loc":{"start":{"line":5,"column":62},"end":{"line":33,"column":1}},"line":5},"1":{"name":"(anonymous_1)","decl":{"start":{"line":6,"column":27},"end":{"line":6,"column":28}},"loc":{"start":{"line":6,"column":38},"end":{"line":6,"column":53}},"line":6},"2":{"name":"(anonymous_2)","decl":{"start":{"line":12,"column":17},"end":{"line":12,"column":18}},"loc":{"start":{"line":12,"column":23},"end":{"line":12,"column":43}},"line":12}},"branchMap":{"0":{"loc":{"start":{"line":21,"column":7},"end":{"line":30,"column":7}},"type":"binary-expr","locations":[{"start":{"line":21,"column":7},"end":{"line":21,"column":11}},{"start":{"line":22,"column":8},"end":{"line":29,"column":14}}],"line":21}},"s":{"0":1,"1":8,"2":16,"3":8,"4":0},"f":{"0":8,"1":16,"2":0},"b":{"0":[8,7]},"_coverageSchema":"1a1c01bbd47fc00a2c39e90264f33305004495a9","hash":"279bcb07193d62ab20b3ec0fe58f91e943324045"}
,"/Users/nguyenminhnghia/Desktop/Personal-Task-Management-App/src/components/Modal.jsx": {"path":"/Users/nguyenminhnghia/Desktop/Personal-Task-Management-App/src/components/Modal.jsx","statementMap":{"0":{"start":{"line":4,"column":21},"end":{"line":34,"column":1}},"1":{"start":{"line":5,"column":2},"end":{"line":5,"column":27}},"2":{"start":{"line":5,"column":15},"end":{"line":5,"column":27}},"3":{"start":{"line":7,"column":2},"end":{"line":33,"column":4}}},"fnMap":{"0":{"name":"(anonymous_0)","decl":{"start":{"line":4,"column":21},"end":{"line":4,"column":22}},"loc":{"start":{"line":4,"column":63},"end":{"line":34,"column":1}},"line":4}},"branchMap":{"0":{"loc":{"start":{"line":5,"column":2},"end":{"line":5,"column":27}},"type":"if","locations":[{"start":{"line":5,"column":2},"end":{"line":5,"column":27}},{"start":{},"end":{}}],"line":5}},"s":{"0":2,"1":18,"2":8,"3":10},"f":{"0":18},"b":{"0":[8,10]},"_coverageSchema":"1a1c01bbd47fc00a2c39e90264f33305004495a9","hash":"27baa310e38ae7c5e4b6aaeb0b43d343109968dd"}
,"/Users/nguyenminhnghia/Desktop/Personal-Task-Management-App/src/components/ProfileSection.jsx": {"path":"/Users/nguyenminhnghia/Desktop/Personal-Task-Management-App/src/components/ProfileSection.jsx","statementMap":{"0":{"start":{"line":3,"column":30},"end":{"line":12,"column":1}},"1":{"start":{"line":4,"column":2},"end":{"line":11,"column":4}}},"fnMap":{"0":{"name":"(anonymous_0)","decl":{"start":{"line":3,"column":30},"end":{"line":3,"column":31}},"loc":{"start":{"line":3,"column":36},"end":{"line":12,"column":1}},"line":3}},"branchMap":{},"s":{"0":1,"1":0},"f":{"0":0},"b":{},"_coverageSchema":"1a1c01bbd47fc00a2c39e90264f33305004495a9","hash":"081dd223ab586cde1999a82ab91891dee82f90e8"}
,"/Users/nguyenminhnghia/Desktop/Personal-Task-Management-App/src/components/PulseDot.jsx": {"path":"/Users/nguyenminhnghia/Desktop/Personal-Task-Management-App/src/components/PulseDot.jsx","statementMap":{"0":{"start":{"line":3,"column":24},"end":{"line":12,"column":1}},"1":{"start":{"line":4,"column":2},"end":{"line":11,"column":4}}},"fnMap":{"0":{"name":"(anonymous_0)","decl":{"start":{"line":3,"column":24},"end":{"line":3,"column":25}},"loc":{"start":{"line":3,"column":30},"end":{"line":12,"column":1}},"line":3}},"branchMap":{},"s":{"0":1,"1":8},"f":{"0":8},"b":{},"_coverageSchema":"1a1c01bbd47fc00a2c39e90264f33305004495a9","hash":"b226b36e5e0db55ccaaa3455fa0e6aa277ac45f1"}
,"/Users/nguyenminhnghia/Desktop/Personal-Task-Management-App/src/components/SelectField.jsx": {"path":"/Users/nguyenminhnghia/Desktop/Personal-Task-Management-App/src/components/SelectField.jsx","statementMap":{"0":{"start":{"line":3,"column":27},"end":{"line":21,"column":1}},"1":{"start":{"line":5,"column":4},"end":{"line":5,"column":86}},"2":{"start":{"line":7,"column":2},"end":{"line":20,"column":4}},"3":{"start":{"line":11,"column":23},"end":{"line":11,"column":47}},"4":{"start":{"line":15,"column":8},"end":{"line":17,"column":17}}},"fnMap":{"0":{"name":"(anonymous_0)","decl":{"start":{"line":3,"column":27},"end":{"line":3,"column":28}},"loc":{"start":{"line":3,"column":72},"end":{"line":21,"column":1}},"line":3},"1":{"name":"(anonymous_1)","decl":{"start":{"line":11,"column":16},"end":{"line":11,"column":17}},"loc":{"start":{"line":11,"column":23},"end":{"line":11,"column":47}},"line":11},"2":{"name":"(anonymous_2)","decl":{"start":{"line":14,"column":19},"end":{"line":14,"column":20}},"loc":{"start":{"line":15,"column":8},"end":{"line":17,"column":17}},"line":15}},"branchMap":{"0":{"loc":{"start":{"line":12,"column":33},"end":{"line":12,"column":77}},"type":"cond-expr","locations":[{"start":{"line":12,"column":41},"end":{"line":12,"column":57}},{"start":{"line":12,"column":60},"end":{"line":12,"column":77}}],"line":12}},"s":{"0":2,"1":20,"2":20,"3":2,"4":60},"f":{"0":20,"1":2,"2":60},"b":{"0":[0,20]},"_coverageSchema":"1a1c01bbd47fc00a2c39e90264f33305004495a9","hash":"2f7c4026b1f1848009b37d4ae83cc630de393a36"}
,"/Users/nguyenminhnghia/Desktop/Personal-Task-Management-App/src/components/Sidebar.jsx": {"path":"/Users/nguyenminhnghia/Desktop/Personal-Task-Management-App/src/components/Sidebar.jsx","statementMap":{"0":{"start":{"line":7,"column":17},"end":{"line":7,"column":48}},"1":{"start":{"line":9,"column":23},"end":{"line":76,"column":1}},"2":{"start":{"line":16,"column":15},"end":{"line":16,"column":54}},"3":{"start":{"line":16,"column":38},"end":{"line":16,"column":53}},"4":{"start":{"line":18,"column":2},"end":{"line":75,"column":4}},"5":{"start":{"line":33,"column":27},"end":{"line":33,"column":48}},"6":{"start":{"line":42,"column":12},"end":{"line":59,"column":21}},"7":{"start":{"line":45,"column":16},"end":{"line":45,"column":41}},"8":{"start":{"line":46,"column":16},"end":{"line":46,"column":38}}},"fnMap":{"0":{"name":"(anonymous_0)","decl":{"start":{"line":9,"column":23},"end":{"line":9,"column":24}},"loc":{"start":{"line":15,"column":6},"end":{"line":76,"column":1}},"line":15},"1":{"name":"(anonymous_1)","decl":{"start":{"line":16,"column":27},"end":{"line":16,"column":28}},"loc":{"start":{"line":16,"column":38},"end":{"line":16,"column":53}},"line":16},"2":{"name":"(anonymous_2)","decl":{"start":{"line":33,"column":21},"end":{"line":33,"column":22}},"loc":{"start":{"line":33,"column":27},"end":{"line":33,"column":48}},"line":33},"3":{"name":"(anonymous_3)","decl":{"start":{"line":41,"column":25},"end":{"line":41,"column":26}},"loc":{"start":{"line":42,"column":12},"end":{"line":59,"column":21}},"line":42},"4":{"name":"(anonymous_4)","decl":{"start":{"line":44,"column":23},"end":{"line":44,"column":24}},"loc":{"start":{"line":44,"column":29},"end":{"line":47,"column":15}},"line":44}},"branchMap":{"0":{"loc":{"start":{"line":22,"column":10},"end":{"line":22,"column":61}},"type":"cond-expr","locations":[{"start":{"line":22,"column":24},"end":{"line":22,"column":39}},{"start":{"line":22,"column":42},"end":{"line":22,"column":61}}],"line":22},"1":{"loc":{"start":{"line":50,"column":18},"end":{"line":52,"column":41}},"type":"cond-expr","locations":[{"start":{"line":51,"column":22},"end":{"line":51,"column":49}},{"start":{"line":52,"column":22},"end":{"line":52,"column":41}}],"line":50},"2":{"loc":{"start":{"line":65,"column":7},"end":{"line":73,"column":7}},"type":"binary-expr","locations":[{"start":{"line":65,"column":7},"end":{"line":65,"column":11}},{"start":{"line":66,"column":8},"end":{"line":72,"column":17}}],"line":65}},"s":{"0":1,"1":1,"2":8,"3":16,"4":8,"5":0,"6":32,"7":0,"8":0},"f":{"0":8,"1":16,"2":0,"3":32,"4":0},"b":{"0":[0,8],"1":[8,24],"2":[8,7]},"_coverageSchema":"1a1c01bbd47fc00a2c39e90264f33305004495a9","hash":"bf7e91c57f43b6a6ee1314d3a82660faec55701f"}
,"/Users/nguyenminhnghia/Desktop/Personal-Task-Management-App/src/components/Spinner.jsx": {"path":"/Users/nguyenminhnghia/Desktop/Personal-Task-Management-App/src/components/Spinner.jsx","statementMap":{"0":{"start":{"line":3,"column":23},"end":{"line":17,"column":1}},"1":{"start":{"line":4,"column":20},"end":{"line":10,"column":9}},"2":{"start":{"line":12,"column":2},"end":{"line":16,"column":4}}},"fnMap":{"0":{"name":"(anonymous_0)","decl":{"start":{"line":3,"column":23},"end":{"line":3,"column":24}},"loc":{"start":{"line":3,"column":44},"end":{"line":17,"column":1}},"line":3}},"branchMap":{"0":{"loc":{"start":{"line":3,"column":26},"end":{"line":3,"column":37}},"type":"default-arg","locations":[{"start":{"line":3,"column":33},"end":{"line":3,"column":37}}],"line":3}},"s":{"0":4,"1":3,"2":3},"f":{"0":3},"b":{"0":[0]},"_coverageSchema":"1a1c01bbd47fc00a2c39e90264f33305004495a9","hash":"6e6cd4f3cdba86727b8cc3a52cf6799ccfe5d562"}
,"/Users/nguyenminhnghia/Desktop/Personal-Task-Management-App/src/components/StatsCard.jsx": {"path":"/Users/nguyenminhnghia/Desktop/Personal-Task-Management-App/src/components/StatsCard.jsx","statementMap":{"0":{"start":{"line":4,"column":25},"end":{"line":61,"column":1}},"1":{"start":{"line":5,"column":2},"end":{"line":60,"column":8}},"2":{"start":{"line":37,"column":14},"end":{"line":40,"column":16}},"3":{"start":{"line":48,"column":10},"end":{"line":56,"column":16}}},"fnMap":{"0":{"name":"(anonymous_0)","decl":{"start":{"line":4,"column":25},"end":{"line":4,"column":26}},"loc":{"start":{"line":5,"column":2},"end":{"line":60,"column":8}},"line":5},"1":{"name":"(anonymous_1)","decl":{"start":{"line":36,"column":27},"end":{"line":36,"column":28}},"loc":{"start":{"line":37,"column":14},"end":{"line":40,"column":16}},"line":37},"2":{"name":"(anonymous_2)","decl":{"start":{"line":47,"column":23},"end":{"line":47,"column":24}},"loc":{"start":{"line":48,"column":10},"end":{"line":56,"column":16}},"line":48}},"branchMap":{},"s":{"0":1,"1":8,"2":24,"3":24},"f":{"0":8,"1":24,"2":24},"b":{},"_coverageSchema":"1a1c01bbd47fc00a2c39e90264f33305004495a9","hash":"41fd270e300e7ebe7f984ec6a63c9514b5c84257"}
,"/Users/nguyenminhnghia/Desktop/Personal-Task-Management-App/src/components/StatsSection.jsx": {"path":"/Users/nguyenminhnghia/Desktop/Personal-Task-Management-App/src/components/StatsSection.jsx","statementMap":{"0":{"start":{"line":5,"column":28},"end":{"line":7,"column":1}},"1":{"start":{"line":6,"column":2},"end":{"line":6,"column":75}}},"fnMap":{"0":{"name":"(anonymous_0)","decl":{"start":{"line":5,"column":28},"end":{"line":5,"column":29}},"loc":{"start":{"line":5,"column":34},"end":{"line":7,"column":1}},"line":5}},"branchMap":{},"s":{"0":1,"1":8},"f":{"0":8},"b":{},"_coverageSchema":"1a1c01bbd47fc00a2c39e90264f33305004495a9","hash":"7ab88ce002657b3706c7a0d3cc2d62faaca8c74f"}
,"/Users/nguyenminhnghia/Desktop/Personal-Task-Management-App/src/components/SuccessPopup.jsx": {"path":"/Users/nguyenminhnghia/Desktop/Personal-Task-Management-App/src/components/SuccessPopup.jsx","statementMap":{"0":{"start":{"line":3,"column":28},"end":{"line":32,"column":1}},"1":{"start":{"line":4,"column":2},"end":{"line":4,"column":25}},"2":{"start":{"line":4,"column":13},"end":{"line":4,"column":25}},"3":{"start":{"line":6,"column":2},"end":{"line":31,"column":4}}},"fnMap":{"0":{"name":"(anonymous_0)","decl":{"start":{"line":3,"column":28},"end":{"line":3,"column":29}},"loc":{"start":{"line":3,"column":72},"end":{"line":32,"column":1}},"line":3}},"branchMap":{"0":{"loc":{"start":{"line":4,"column":2},"end":{"line":4,"column":25}},"type":"if","locations":[{"start":{"line":4,"column":2},"end":{"line":4,"column":25}},{"start":{},"end":{}}],"line":4},"1":{"loc":{"start":{"line":18,"column":9},"end":{"line":20,"column":9}},"type":"binary-expr","locations":[{"start":{"line":18,"column":9},"end":{"line":18,"column":19}},{"start":{"line":19,"column":10},"end":{"line":19,"column":68}}],"line":18}},"s":{"0":1,"1":14,"2":13,"3":1},"f":{"0":14},"b":{"0":[13,1],"1":[1,1]},"_coverageSchema":"1a1c01bbd47fc00a2c39e90264f33305004495a9","hash":"67bdf8e5a5fe733d8fdf21e88692162f5f944c09"}
,"/Users/nguyenminhnghia/Desktop/Personal-Task-Management-App/src/components/TaskCardMobile.jsx": {"path":"/Users/nguyenminhnghia/Desktop/Personal-Task-Management-App/src/components/TaskCardMobile.jsx","statementMap":{"0":{"start":{"line":7,"column":30},"end":{"line":63,"column":1}},"1":{"start":{"line":8,"column":2},"end":{"line":62,"column":4}},"2":{"start":{"line":16,"column":27},"end":{"line":16,"column":72}}},"fnMap":{"0":{"name":"(anonymous_0)","decl":{"start":{"line":7,"column":30},"end":{"line":7,"column":31}},"loc":{"start":{"line":7,"column":64},"end":{"line":63,"column":1}},"line":7},"1":{"name":"(anonymous_1)","decl":{"start":{"line":16,"column":20},"end":{"line":16,"column":21}},"loc":{"start":{"line":16,"column":27},"end":{"line":16,"column":72}},"line":16}},"branchMap":{"0":{"loc":{"start":{"line":22,"column":12},"end":{"line":22,"column":70}},"type":"cond-expr","locations":[{"start":{"line":22,"column":37},"end":{"line":22,"column":65}},{"start":{"line":22,"column":68},"end":{"line":22,"column":70}}],"line":22},"1":{"loc":{"start":{"line":48,"column":7},"end":{"line":53,"column":7}},"type":"binary-expr","locations":[{"start":{"line":48,"column":7},"end":{"line":48,"column":21}},{"start":{"line":48,"column":25},"end":{"line":48,"column":50}},{"start":{"line":49,"column":8},"end":{"line":52,"column":14}}],"line":48}},"s":{"0":1,"1":14,"2":1},"f":{"0":14,"1":1},"b":{"0":[7,7],"1":[14,0,0]},"_coverageSchema":"1a1c01bbd47fc00a2c39e90264f33305004495a9","hash":"974743e19b12abe331aef7ecbb427c306540695b"}
,"/Users/nguyenminhnghia/Desktop/Personal-Task-Management-App/src/components/TaskForm.jsx": {"path":"/Users/nguyenminhnghia/Desktop/Personal-Task-Management-App/src/components/TaskForm.jsx","statementMap":{"0":{"start":{"line":11,"column":24},"end":{"line":117,"column":1}},"1":{"start":{"line":32,"column":6},"end":{"line":32,"column":51}},"2":{"start":{"line":34,"column":2},"end":{"line":116,"column":4}},"3":{"start":{"line":41,"column":29},"end":{"line":41,"column":53}},"4":{"start":{"line":51,"column":29},"end":{"line":51,"column":59}},"5":{"start":{"line":62,"column":29},"end":{"line":62,"column":56}}},"fnMap":{"0":{"name":"(anonymous_0)","decl":{"start":{"line":11,"column":24},"end":{"line":11,"column":25}},"loc":{"start":{"line":11,"column":70},"end":{"line":117,"column":1}},"line":11},"1":{"name":"(anonymous_1)","decl":{"start":{"line":41,"column":22},"end":{"line":41,"column":23}},"loc":{"start":{"line":41,"column":29},"end":{"line":41,"column":53}},"line":41},"2":{"name":"(anonymous_2)","decl":{"start":{"line":51,"column":22},"end":{"line":51,"column":23}},"loc":{"start":{"line":51,"column":29},"end":{"line":51,"column":59}},"line":51},"3":{"name":"(anonymous_3)","decl":{"start":{"line":62,"column":22},"end":{"line":62,"column":23}},"loc":{"start":{"line":62,"column":29},"end":{"line":62,"column":56}},"line":62}},"branchMap":{"0":{"loc":{"start":{"line":61,"column":19},"end":{"line":61,"column":68}},"type":"cond-expr","locations":[{"start":{"line":61,"column":30},"end":{"line":61,"column":63}},{"start":{"line":61,"column":66},"end":{"line":61,"column":68}}],"line":61},"1":{"loc":{"start":{"line":107,"column":14},"end":{"line":107,"column":60}},"type":"cond-expr","locations":[{"start":{"line":107,"column":24},"end":{"line":107,"column":55}},{"start":{"line":107,"column":58},"end":{"line":107,"column":60}}],"line":107},"2":{"loc":{"start":{"line":111,"column":13},"end":{"line":111,"column":48}},"type":"cond-expr","locations":[{"start":{"line":111,"column":23},"end":{"line":111,"column":36}},{"start":{"line":111,"column":39},"end":{"line":111,"column":48}}],"line":111}},"s":{"0":2,"1":18,"2":18,"3":1,"4":1,"5":1},"f":{"0":18,"1":1,"2":1,"3":1},"b":{"0":[0,18],"1":[1,17],"2":[1,17]},"_coverageSchema":"1a1c01bbd47fc00a2c39e90264f33305004495a9","hash":"99cc8a85e6c0acb9aa7a269e268f1db7b6310f92"}
,"/Users/nguyenminhnghia/Desktop/Personal-Task-Management-App/src/components/TaskListSection.jsx": {"path":"/Users/nguyenminhnghia/Desktop/Personal-Task-Management-App/src/components/TaskListSection.jsx","statementMap":{"0":{"start":{"line":3,"column":31},"end":{"line":12,"column":1}},"1":{"start":{"line":4,"column":2},"end":{"line":11,"column":4}}},"fnMap":{"0":{"name":"(anonymous_0)","decl":{"start":{"line":3,"column":31},"end":{"line":3,"column":32}},"loc":{"start":{"line":3,"column":37},"end":{"line":12,"column":1}},"line":3}},"branchMap":{},"s":{"0":1,"1":0},"f":{"0":0},"b":{},"_coverageSchema":"1a1c01bbd47fc00a2c39e90264f33305004495a9","hash":"2ac296cec23782739a7e9e0b0e030b67ea50b15f"}
,"/Users/nguyenminhnghia/Desktop/Personal-Task-Management-App/src/components/TaskPriorityBadge.jsx": {"path":"/Users/nguyenminhnghia/Desktop/Personal-Task-Management-App/src/components/TaskPriorityBadge.jsx","statementMap":{"0":{"start":{"line":3,"column":33},"end":{"line":21,"column":1}},"1":{"start":{"line":5,"column":4},"end":{"line":9,"column":37}},"2":{"start":{"line":12,"column":4},"end":{"line":12,"column":79}},"3":{"start":{"line":14,"column":2},"end":{"line":20,"column":4}}},"fnMap":{"0":{"name":"(anonymous_0)","decl":{"start":{"line":3,"column":33},"end":{"line":3,"column":34}},"loc":{"start":{"line":3,"column":51},"end":{"line":21,"column":1}},"line":3}},"branchMap":{"0":{"loc":{"start":{"line":5,"column":4},"end":{"line":9,"column":37}},"type":"cond-expr","locations":[{"start":{"line":6,"column":8},"end":{"line":6,"column":33}},{"start":{"line":7,"column":8},"end":{"line":9,"column":37}}],"line":5},"1":{"loc":{"start":{"line":7,"column":8},"end":{"line":9,"column":37}},"type":"cond-expr","locations":[{"start":{"line":8,"column":8},"end":{"line":8,"column":39}},{"start":{"line":9,"column":8},"end":{"line":9,"column":37}}],"line":7},"2":{"loc":{"start":{"line":12,"column":4},"end":{"line":12,"column":79}},"type":"cond-expr","locations":[{"start":{"line":12,"column":26},"end":{"line":12,"column":31}},{"start":{"line":12,"column":34},"end":{"line":12,"column":79}}],"line":12},"3":{"loc":{"start":{"line":12,"column":34},"end":{"line":12,"column":79}},"type":"cond-expr","locations":[{"start":{"line":12,"column":58},"end":{"line":12,"column":70}},{"start":{"line":12,"column":73},"end":{"line":12,"column":79}}],"line":12}},"s":{"0":1,"1":28,"2":28,"3":28},"f":{"0":28},"b":{"0":[0,28],"1":[0,28],"2":[0,28],"3":[0,28]},"_coverageSchema":"1a1c01bbd47fc00a2c39e90264f33305004495a9","hash":"084a4903ad436b6ace3f8992b5cdfa21bd7a8738"}
,"/Users/nguyenminhnghia/Desktop/Personal-Task-Management-App/src/components/TaskRowDesktop.jsx": {"path":"/Users/nguyenminhnghia/Desktop/Personal-Task-Management-App/src/components/TaskRowDesktop.jsx","statementMap":{"0":{"start":{"line":7,"column":30},"end":{"line":38,"column":1}},"1":{"start":{"line":8,"column":2},"end":{"line":37,"column":4}},"2":{"start":{"line":15,"column":27},"end":{"line":15,"column":72}}},"fnMap":{"0":{"name":"(anonymous_0)","decl":{"start":{"line":7,"column":30},"end":{"line":7,"column":31}},"loc":{"start":{"line":7,"column":64},"end":{"line":38,"column":1}},"line":7},"1":{"name":"(anonymous_1)","decl":{"start":{"line":15,"column":20},"end":{"line":15,"column":21}},"loc":{"start":{"line":15,"column":27},"end":{"line":15,"column":72}},"line":15}},"branchMap":{"0":{"loc":{"start":{"line":20,"column":21},"end":{"line":20,"column":79}},"type":"cond-expr","locations":[{"start":{"line":20,"column":46},"end":{"line":20,"column":74}},{"start":{"line":20,"column":77},"end":{"line":20,"column":79}}],"line":20}},"s":{"0":1,"1":14,"2":1},"f":{"0":14,"1":1},"b":{"0":[7,7]},"_coverageSchema":"1a1c01bbd47fc00a2c39e90264f33305004495a9","hash":"d90f1e2a80cbfadb5da440258cdc91ce6e6082e7"}
,"/Users/nguyenminhnghia/Desktop/Personal-Task-Management-App/src/components/TaskSection.jsx": {"path":"/Users/nguyenminhnghia/Desktop/Personal-Task-Management-App/src/components/TaskSection.jsx","statementMap":{"0":{"start":{"line":5,"column":27},"end":{"line":19,"column":1}},"1":{"start":{"line":11,"column":2},"end":{"line":11,"column":38}},"2":{"start":{"line":11,"column":15},"end":{"line":11,"column":38}},"3":{"start":{"line":12,"column":2},"end":{"line":18,"column":4}}},"fnMap":{"0":{"name":"(anonymous_0)","decl":{"start":{"line":5,"column":27},"end":{"line":5,"column":28}},"loc":{"start":{"line":10,"column":6},"end":{"line":19,"column":1}},"line":10}},"branchMap":{"0":{"loc":{"start":{"line":11,"column":2},"end":{"line":11,"column":38}},"type":"if","locations":[{"start":{"line":11,"column":2},"end":{"line":11,"column":38}},{"start":{},"end":{}}],"line":11}},"s":{"0":1,"1":8,"2":1,"3":7},"f":{"0":8},"b":{"0":[1,7]},"_coverageSchema":"1a1c01bbd47fc00a2c39e90264f33305004495a9","hash":"87817e8b9a0a9a0b1a9ef4c5abf323394d9b5bab"}
,"/Users/nguyenminhnghia/Desktop/Personal-Task-Management-App/src/components/TaskStatusBadge.jsx": {"path":"/Users/nguyenminhnghia/Desktop/Personal-Task-Management-App/src/components/TaskStatusBadge.jsx","statementMap":{"0":{"start":{"line":3,"column":31},"end":{"line":25,"column":1}},"1":{"start":{"line":5,"column":4},"end":{"line":9,"column":37}},"2":{"start":{"line":12,"column":4},"end":{"line":16,"column":20}},"3":{"start":{"line":18,"column":2},"end":{"line":24,"column":4}}},"fnMap":{"0":{"name":"(anonymous_0)","decl":{"start":{"line":3,"column":31},"end":{"line":3,"column":32}},"loc":{"start":{"line":3,"column":47},"end":{"line":25,"column":1}},"line":3}},"branchMap":{"0":{"loc":{"start":{"line":5,"column":4},"end":{"line":9,"column":37}},"type":"cond-expr","locations":[{"start":{"line":6,"column":8},"end":{"line":6,"column":35}},{"start":{"line":7,"column":8},"end":{"line":9,"column":37}}],"line":5},"1":{"loc":{"start":{"line":7,"column":8},"end":{"line":9,"column":37}},"type":"cond-expr","locations":[{"start":{"line":8,"column":8},"end":{"line":8,"column":39}},{"start":{"line":9,"column":8},"end":{"line":9,"column":37}}],"line":7},"2":{"loc":{"start":{"line":12,"column":4},"end":{"line":16,"column":20}},"type":"cond-expr","locations":[{"start":{"line":13,"column":8},"end":{"line":13,"column":18}},{"start":{"line":14,"column":8},"end":{"line":16,"column":20}}],"line":12},"3":{"loc":{"start":{"line":14,"column":8},"end":{"line":16,"column":20}},"type":"cond-expr","locations":[{"start":{"line":15,"column":8},"end":{"line":15,"column":18}},{"start":{"line":16,"column":8},"end":{"line":16,"column":20}}],"line":14}},"s":{"0":1,"1":28,"2":28,"3":28},"f":{"0":28},"b":{"0":[14,14],"1":[0,14],"2":[14,14],"3":[0,14]},"_coverageSchema":"1a1c01bbd47fc00a2c39e90264f33305004495a9","hash":"adc3f1b09f1537e67c1dc212a9bc7ed956fdf402"}
,"/Users/nguyenminhnghia/Desktop/Personal-Task-Management-App/src/components/TaskTable.jsx": {"path":"/Users/nguyenminhnghia/Desktop/Personal-Task-Management-App/src/components/TaskTable.jsx","statementMap":{"0":{"start":{"line":7,"column":25},"end":{"line":32,"column":1}},"1":{"start":{"line":8,"column":36},"end":{"line":8,"column":51}},"2":{"start":{"line":9,"column":2},"end":{"line":31,"column":4}},"3":{"start":{"line":12,"column":53},"end":{"line":12,"column":71}},"4":{"start":{"line":27,"column":23},"end":{"line":27,"column":42}}},"fnMap":{"0":{"name":"(anonymous_0)","decl":{"start":{"line":7,"column":25},"end":{"line":7,"column":26}},"loc":{"start":{"line":7,"column":75},"end":{"line":32,"column":1}},"line":7},"1":{"name":"(anonymous_1)","decl":{"start":{"line":12,"column":47},"end":{"line":12,"column":48}},"loc":{"start":{"line":12,"column":53},"end":{"line":12,"column":71}},"line":12},"2":{"name":"(anonymous_2)","decl":{"start":{"line":27,"column":17},"end":{"line":27,"column":18}},"loc":{"start":{"line":27,"column":23},"end":{"line":27,"column":42}},"line":27}},"branchMap":{},"s":{"0":1,"1":7,"2":7,"3":0,"4":0},"f":{"0":7,"1":0,"2":0},"b":{},"_coverageSchema":"1a1c01bbd47fc00a2c39e90264f33305004495a9","hash":"18f8c7616c74e72ed137d9944f2c071b1d1a8111"}
,"/Users/nguyenminhnghia/Desktop/Personal-Task-Management-App/src/components/TaskTableDesktop.jsx": {"path":"/Users/nguyenminhnghia/Desktop/Personal-Task-Management-App/src/components/TaskTableDesktop.jsx","statementMap":{"0":{"start":{"line":4,"column":32},"end":{"line":36,"column":1}},"1":{"start":{"line":5,"column":2},"end":{"line":35,"column":8}},"2":{"start":{"line":20,"column":12},"end":{"line":24,"column":14}}},"fnMap":{"0":{"name":"(anonymous_0)","decl":{"start":{"line":4,"column":32},"end":{"line":4,"column":33}},"loc":{"start":{"line":5,"column":2},"end":{"line":35,"column":8}},"line":5},"1":{"name":"(anonymous_1)","decl":{"start":{"line":19,"column":20},"end":{"line":19,"column":21}},"loc":{"start":{"line":20,"column":12},"end":{"line":24,"column":14}},"line":20}},"branchMap":{"0":{"loc":{"start":{"line":18,"column":9},"end":{"line":32,"column":9}},"type":"cond-expr","locations":[{"start":{"line":19,"column":10},"end":{"line":25,"column":12}},{"start":{"line":27,"column":10},"end":{"line":31,"column":15}}],"line":18}},"s":{"0":1,"1":7,"2":14},"f":{"0":7,"1":14},"b":{"0":[7,0]},"_coverageSchema":"1a1c01bbd47fc00a2c39e90264f33305004495a9","hash":"25390ac45acbcc732bce3733c1d8658c6189345d"}
,"/Users/nguyenminhnghia/Desktop/Personal-Task-Management-App/src/components/TaskTableHeader.jsx": {"path":"/Users/nguyenminhnghia/Desktop/Personal-Task-Management-App/src/components/TaskTableHeader.jsx","statementMap":{"0":{"start":{"line":4,"column":31},"end":{"line":15,"column":1}},"1":{"start":{"line":5,"column":2},"end":{"line":14,"column":8}}},"fnMap":{"0":{"name":"(anonymous_0)","decl":{"start":{"line":4,"column":31},"end":{"line":4,"column":32}},"loc":{"start":{"line":5,"column":2},"end":{"line":14,"column":8}},"line":5}},"branchMap":{},"s":{"0":1,"1":7},"f":{"0":7},"b":{},"_coverageSchema":"1a1c01bbd47fc00a2c39e90264f33305004495a9","hash":"5f5177ebeb2a9b8132a8734ff4c8e4e723246e2f"}
,"/Users/nguyenminhnghia/Desktop/Personal-Task-Management-App/src/components/TaskTableMobile.jsx": {"path":"/Users/nguyenminhnghia/Desktop/Personal-Task-Management-App/src/components/TaskTableMobile.jsx","statementMap":{"0":{"start":{"line":4,"column":31},"end":{"line":18,"column":1}},"1":{"start":{"line":5,"column":2},"end":{"line":17,"column":8}},"2":{"start":{"line":8,"column":8},"end":{"line":12,"column":10}}},"fnMap":{"0":{"name":"(anonymous_0)","decl":{"start":{"line":4,"column":31},"end":{"line":4,"column":32}},"loc":{"start":{"line":5,"column":2},"end":{"line":17,"column":8}},"line":5},"1":{"name":"(anonymous_1)","decl":{"start":{"line":7,"column":16},"end":{"line":7,"column":17}},"loc":{"start":{"line":8,"column":8},"end":{"line":12,"column":10}},"line":8}},"branchMap":{"0":{"loc":{"start":{"line":6,"column":5},"end":{"line":16,"column":5}},"type":"cond-expr","locations":[{"start":{"line":7,"column":6},"end":{"line":13,"column":8}},{"start":{"line":15,"column":6},"end":{"line":15,"column":80}}],"line":6}},"s":{"0":1,"1":7,"2":14},"f":{"0":7,"1":14},"b":{"0":[7,0]},"_coverageSchema":"1a1c01bbd47fc00a2c39e90264f33305004495a9","hash":"a0050fcf39e7fc455eb7109f7caf654a62086334"}
,"/Users/nguyenminhnghia/Desktop/Personal-Task-Management-App/src/components/TextareaBase.jsx": {"path":"/Users/nguyenminhnghia/Desktop/Personal-Task-Management-App/src/components/TextareaBase.jsx","statementMap":{"0":{"start":{"line":3,"column":28},"end":{"line":16,"column":1}},"1":{"start":{"line":4,"column":2},"end":{"line":15,"column":8}}},"fnMap":{"0":{"name":"(anonymous_0)","decl":{"start":{"line":3,"column":28},"end":{"line":3,"column":29}},"loc":{"start":{"line":4,"column":2},"end":{"line":15,"column":8}},"line":4}},"branchMap":{},"s":{"0":2,"1":10},"f":{"0":10},"b":{},"_coverageSchema":"1a1c01bbd47fc00a2c39e90264f33305004495a9","hash":"0f29ee94c301513e68ea91f6683079ac4d934e48"}
,"/Users/nguyenminhnghia/Desktop/Personal-Task-Management-App/src/components/Toast.jsx": {"path":"/Users/nguyenminhnghia/Desktop/Personal-Task-Management-App/src/components/Toast.jsx","statementMap":{"0":{"start":{"line":5,"column":21},"end":{"line":7,"column":1}},"1":{"start":{"line":6,"column":2},"end":{"line":6,"column":59}}},"fnMap":{"0":{"name":"(anonymous_0)","decl":{"start":{"line":5,"column":21},"end":{"line":5,"column":22}},"loc":{"start":{"line":6,"column":2},"end":{"line":6,"column":59}},"line":6}},"branchMap":{},"s":{"0":2,"1":52},"f":{"0":52},"b":{},"_coverageSchema":"1a1c01bbd47fc00a2c39e90264f33305004495a9","hash":"3c1f93b368a9310fd5f346b6d73bc1754726b516"}
,"/Users/nguyenminhnghia/Desktop/Personal-Task-Management-App/src/components/TogglePasswordButton.jsx": {"path":"/Users/nguyenminhnghia/Desktop/Personal-Task-Management-App/src/components/TogglePasswordButton.jsx","statementMap":{"0":{"start":{"line":4,"column":36},"end":{"line":15,"column":1}},"1":{"start":{"line":5,"column":2},"end":{"line":14,"column":4}},"2":{"start":{"line":8,"column":21},"end":{"line":8,"column":48}},"3":{"start":{"line":8,"column":42},"end":{"line":8,"column":47}}},"fnMap":{"0":{"name":"(anonymous_0)","decl":{"start":{"line":4,"column":36},"end":{"line":4,"column":37}},"loc":{"start":{"line":4,"column":76},"end":{"line":15,"column":1}},"line":4},"1":{"name":"(anonymous_1)","decl":{"start":{"line":8,"column":15},"end":{"line":8,"column":16}},"loc":{"start":{"line":8,"column":21},"end":{"line":8,"column":48}},"line":8},"2":{"name":"(anonymous_2)","decl":{"start":{"line":8,"column":32},"end":{"line":8,"column":33}},"loc":{"start":{"line":8,"column":42},"end":{"line":8,"column":47}},"line":8}},"branchMap":{"0":{"loc":{"start":{"line":12,"column":7},"end":{"line":12,"column":57}},"type":"cond-expr","locations":[{"start":{"line":12,"column":17},"end":{"line":12,"column":37}},{"start":{"line":12,"column":40},"end":{"line":12,"column":57}}],"line":12}},"s":{"0":3,"1":121,"2":4,"3":0},"f":{"0":121,"1":4,"2":0},"b":{"0":[2,119]},"_coverageSchema":"1a1c01bbd47fc00a2c39e90264f33305004495a9","hash":"4100435a6da99c17aefa949a69e30b0d0d4952b0"}
,"/Users/nguyenminhnghia/Desktop/Personal-Task-Management-App/src/hooks/useNotifyAndNavigate.js": {"path":"/Users/nguyenminhnghia/Desktop/Personal-Task-Management-App/src/hooks/useNotifyAndNavigate.js","statementMap":{"0":{"start":{"line":5,"column":36},"end":{"line":14,"column":1}},"1":{"start":{"line":6,"column":19},"end":{"line":6,"column":32}},"2":{"start":{"line":8,"column":17},"end":{"line":11,"column":3}},"3":{"start":{"line":9,"column":4},"end":{"line":9,"column":27}},"4":{"start":{"line":10,"column":4},"end":{"line":10,"column":44}},"5":{"start":{"line":10,"column":21},"end":{"line":10,"column":35}},"6":{"start":{"line":13,"column":2},"end":{"line":13,"column":16}}},"fnMap":{"0":{"name":"(anonymous_0)","decl":{"start":{"line":5,"column":36},"end":{"line":5,"column":37}},"loc":{"start":{"line":5,"column":42},"end":{"line":14,"column":1}},"line":5},"1":{"name":"(anonymous_1)","decl":{"start":{"line":8,"column":17},"end":{"line":8,"column":18}},"loc":{"start":{"line":8,"column":50},"end":{"line":11,"column":3}},"line":8},"2":{"name":"(anonymous_2)","decl":{"start":{"line":10,"column":15},"end":{"line":10,"column":16}},"loc":{"start":{"line":10,"column":21},"end":{"line":10,"column":35}},"line":10}},"branchMap":{"0":{"loc":{"start":{"line":8,"column":33},"end":{"line":8,"column":45}},"type":"default-arg","locations":[{"start":{"line":8,"column":41},"end":{"line":8,"column":45}}],"line":8}},"s":{"0":2,"1":52,"2":52,"3":2,"4":2,"5":0,"6":52},"f":{"0":52,"1":2,"2":0},"b":{"0":[2]},"_coverageSchema":"1a1c01bbd47fc00a2c39e90264f33305004495a9","hash":"c933c89f98d374372885d005c07be9b036a1731d"}
,"/Users/nguyenminhnghia/Desktop/Personal-Task-Management-App/src/hooks/useSupabaseSession.js": {"path":"/Users/nguyenminhnghia/Desktop/Personal-Task-Management-App/src/hooks/useSupabaseSession.js","statementMap":{"0":{"start":{"line":7,"column":34},"end":{"line":34,"column":1}},"1":{"start":{"line":8,"column":19},"end":{"line":8,"column":32}},"2":{"start":{"line":10,"column":2},"end":{"line":33,"column":17}},"3":{"start":{"line":11,"column":27},"end":{"line":30,"column":5}},"4":{"start":{"line":12,"column":6},"end":{"line":29,"column":7}},"5":{"start":{"line":14,"column":10},"end":{"line":15,"column":63}},"6":{"start":{"line":17,"column":8},"end":{"line":25,"column":9}},"7":{"start":{"line":18,"column":10},"end":{"line":18,"column":55}},"8":{"start":{"line":19,"column":10},"end":{"line":24,"column":11}},"9":{"start":{"line":20,"column":12},"end":{"line":23,"column":15}},"10":{"start":{"line":27,"column":8},"end":{"line":27,"column":74}},"11":{"start":{"line":28,"column":8},"end":{"line":28,"column":68}},"12":{"start":{"line":32,"column":4},"end":{"line":32,"column":21}}},"fnMap":{"0":{"name":"(anonymous_0)","decl":{"start":{"line":7,"column":34},"end":{"line":7,"column":35}},"loc":{"start":{"line":7,"column":40},"end":{"line":34,"column":1}},"line":7},"1":{"name":"(anonymous_1)","decl":{"start":{"line":10,"column":12},"end":{"line":10,"column":13}},"loc":{"start":{"line":10,"column":18},"end":{"line":33,"column":3}},"line":10},"2":{"name":"(anonymous_2)","decl":{"start":{"line":11,"column":27},"end":{"line":11,"column":28}},"loc":{"start":{"line":11,"column":39},"end":{"line":30,"column":5}},"line":11}},"branchMap":{"0":{"loc":{"start":{"line":14,"column":10},"end":{"line":15,"column":63}},"type":"binary-expr","locations":[{"start":{"line":14,"column":10},"end":{"line":14,"column":61}},{"start":{"line":15,"column":10},"end":{"line":15,"column":63}}],"line":14},"1":{"loc":{"start":{"line":17,"column":8},"end":{"line":25,"column":9}},"type":"if","locations":[{"start":{"line":17,"column":8},"end":{"line":25,"column":9}},{"start":{},"end":{}}],"line":17},"2":{"loc":{"start":{"line":19,"column":10},"end":{"line":24,"column":11}},"type":"if","locations":[{"start":{"line":19,"column":10},"end":{"line":24,"column":11}},{"start":{},"end":{}}],"line":19}},"s":{"0":2,"1":4,"2":4,"3":4,"4":4,"5":4,"6":4,"7":3,"8":2,"9":2,"10":1,"11":1,"12":4},"f":{"0":4,"1":4,"2":4},"b":{"0":[4,2],"1":[3,1],"2":[2,0]},"_coverageSchema":"1a1c01bbd47fc00a2c39e90264f33305004495a9","hash":"e1243c5cc795026dd7e4189cd167fca09a01f98c"}
,"/Users/nguyenminhnghia/Desktop/Personal-Task-Management-App/src/hooks/useTaskForm.js": {"path":"/Users/nguyenminhnghia/Desktop/Personal-Task-Management-App/src/hooks/useTaskForm.js","statementMap":{"0":{"start":{"line":6,"column":27},"end":{"line":115,"column":1}},"1":{"start":{"line":7,"column":15},"end":{"line":7,"column":54}},"2":{"start":{"line":7,"column":38},"end":{"line":7,"column":53}},"3":{"start":{"line":8,"column":28},"end":{"line":8,"column":40}},"4":{"start":{"line":9,"column":40},"end":{"line":9,"column":52}},"5":{"start":{"line":10,"column":34},"end":{"line":10,"column":46}},"6":{"start":{"line":11,"column":34},"end":{"line":11,"column":49}},"7":{"start":{"line":12,"column":30},"end":{"line":12,"column":46}},"8":{"start":{"line":13,"column":36},"end":{"line":13,"column":48}},"9":{"start":{"line":14,"column":32},"end":{"line":14,"column":44}},"10":{"start":{"line":15,"column":30},"end":{"line":15,"column":42}},"11":{"start":{"line":16,"column":32},"end":{"line":16,"column":47}},"12":{"start":{"line":18,"column":19},"end":{"line":24,"column":3}},"13":{"start":{"line":19,"column":17},"end":{"line":19,"column":19}},"14":{"start":{"line":20,"column":4},"end":{"line":20,"column":61}},"15":{"start":{"line":20,"column":23},"end":{"line":20,"column":61}},"16":{"start":{"line":21,"column":4},"end":{"line":21,"column":56}},"17":{"start":{"line":21,"column":19},"end":{"line":21,"column":56}},"18":{"start":{"line":22,"column":4},"end":{"line":22,"column":20}},"19":{"start":{"line":23,"column":4},"end":{"line":23,"column":42}},"20":{"start":{"line":26,"column":33},"end":{"line":34,"column":3}},"21":{"start":{"line":27,"column":4},"end":{"line":33,"column":5}},"22":{"start":{"line":28,"column":6},"end":{"line":31,"column":9}},"23":{"start":{"line":32,"column":6},"end":{"line":32,"column":21}},"24":{"start":{"line":36,"column":36},"end":{"line":38,"column":3}},"25":{"start":{"line":37,"column":4},"end":{"line":37,"column":61}},"26":{"start":{"line":37,"column":44},"end":{"line":37,"column":58}},"27":{"start":{"line":40,"column":32},"end":{"line":46,"column":3}},"28":{"start":{"line":41,"column":4},"end":{"line":45,"column":6}},"29":{"start":{"line":43,"column":8},"end":{"line":43,"column":61}},"30":{"start":{"line":48,"column":20},"end":{"line":57,"column":3}},"31":{"start":{"line":49,"column":4},"end":{"line":49,"column":17}},"32":{"start":{"line":50,"column":4},"end":{"line":50,"column":23}},"33":{"start":{"line":51,"column":4},"end":{"line":51,"column":20}},"34":{"start":{"line":52,"column":4},"end":{"line":52,"column":24}},"35":{"start":{"line":53,"column":4},"end":{"line":53,"column":26}},"36":{"start":{"line":54,"column":4},"end":{"line":54,"column":21}},"37":{"start":{"line":55,"column":4},"end":{"line":55,"column":19}},"38":{"start":{"line":56,"column":4},"end":{"line":56,"column":18}},"39":{"start":{"line":59,"column":23},"end":{"line":92,"column":3}},"40":{"start":{"line":60,"column":4},"end":{"line":60,"column":23}},"41":{"start":{"line":61,"column":4},"end":{"line":61,"column":28}},"42":{"start":{"line":61,"column":21},"end":{"line":61,"column":28}},"43":{"start":{"line":63,"column":4},"end":{"line":63,"column":21}},"44":{"start":{"line":64,"column":4},"end":{"line":91,"column":5}},"45":{"start":{"line":65,"column":40},"end":{"line":79,"column":17}},"46":{"start":{"line":81,"column":6},"end":{"line":81,"column":29}},"47":{"start":{"line":81,"column":17},"end":{"line":81,"column":29}},"48":{"start":{"line":83,"column":6},"end":{"line":83,"column":18}},"49":{"start":{"line":84,"column":6},"end":{"line":84,"column":49}},"50":{"start":{"line":84,"column":25},"end":{"line":84,"column":49}},"51":{"start":{"line":85,"column":6},"end":{"line":85,"column":16}},"52":{"start":{"line":87,"column":6},"end":{"line":87,"column":57}},"53":{"start":{"line":88,"column":6},"end":{"line":88,"column":49}},"54":{"start":{"line":90,"column":6},"end":{"line":90,"column":24}},"55":{"start":{"line":94,"column":2},"end":{"line":114,"column":4}}},"fnMap":{"0":{"name":"(anonymous_0)","decl":{"start":{"line":6,"column":27},"end":{"line":6,"column":28}},"loc":{"start":{"line":6,"column":59},"end":{"line":115,"column":1}},"line":6},"1":{"name":"(anonymous_1)","decl":{"start":{"line":7,"column":27},"end":{"line":7,"column":28}},"loc":{"start":{"line":7,"column":38},"end":{"line":7,"column":53}},"line":7},"2":{"name":"(anonymous_2)","decl":{"start":{"line":18,"column":19},"end":{"line":18,"column":20}},"loc":{"start":{"line":18,"column":25},"end":{"line":24,"column":3}},"line":18},"3":{"name":"(anonymous_3)","decl":{"start":{"line":26,"column":33},"end":{"line":26,"column":34}},"loc":{"start":{"line":26,"column":39},"end":{"line":34,"column":3}},"line":26},"4":{"name":"(anonymous_4)","decl":{"start":{"line":36,"column":36},"end":{"line":36,"column":37}},"loc":{"start":{"line":36,"column":44},"end":{"line":38,"column":3}},"line":36},"5":{"name":"(anonymous_5)","decl":{"start":{"line":37,"column":34},"end":{"line":37,"column":35}},"loc":{"start":{"line":37,"column":44},"end":{"line":37,"column":58}},"line":37},"6":{"name":"(anonymous_6)","decl":{"start":{"line":40,"column":32},"end":{"line":40,"column":33}},"loc":{"start":{"line":40,"column":40},"end":{"line":46,"column":3}},"line":40},"7":{"name":"(anonymous_7)","decl":{"start":{"line":42,"column":20},"end":{"line":42,"column":21}},"loc":{"start":{"line":43,"column":8},"end":{"line":43,"column":61}},"line":43},"8":{"name":"(anonymous_8)","decl":{"start":{"line":48,"column":20},"end":{"line":48,"column":21}},"loc":{"start":{"line":48,"column":26},"end":{"line":57,"column":3}},"line":48},"9":{"name":"(anonymous_9)","decl":{"start":{"line":59,"column":23},"end":{"line":59,"column":24}},"loc":{"start":{"line":59,"column":36},"end":{"line":92,"column":3}},"line":59}},"branchMap":{"0":{"loc":{"start":{"line":20,"column":4},"end":{"line":20,"column":61}},"type":"if","locations":[{"start":{"line":20,"column":4},"end":{"line":20,"column":61}},{"start":{},"end":{}}],"line":20},"1":{"loc":{"start":{"line":21,"column":4},"end":{"line":21,"column":56}},"type":"if","locations":[{"start":{"line":21,"column":4},"end":{"line":21,"column":56}},{"start":{},"end":{}}],"line":21},"2":{"loc":{"start":{"line":27,"column":4},"end":{"line":33,"column":5}},"type":"if","locations":[{"start":{"line":27,"column":4},"end":{"line":33,"column":5}},{"start":{},"end":{}}],"line":27},"3":{"loc":{"start":{"line":43,"column":8},"end":{"line":43,"column":61}},"type":"cond-expr","locations":[{"start":{"line":43,"column":25},"end":{"line":43,"column":54}},{"start":{"line":43,"column":57},"end":{"line":43,"column":61}}],"line":43},"4":{"loc":{"start":{"line":61,"column":4},"end":{"line":61,"column":28}},"type":"if","locations":[{"start":{"line":61,"column":4},"end":{"line":61,"column":28}},{"start":{},"end":{}}],"line":61},"5":{"loc":{"start":{"line":81,"column":6},"end":{"line":81,"column":29}},"type":"if","locations":[{"start":{"line":81,"column":6},"end":{"line":81,"column":29}},{"start":{},"end":{}}],"line":81},"6":{"loc":{"start":{"line":84,"column":6},"end":{"line":84,"column":49}},"type":"if","locations":[{"start":{"line":84,"column":6},"end":{"line":84,"column":49}},{"start":{},"end":{}}],"line":84}},"s":{"0":1,"1":7,"2":14,"3":7,"4":7,"5":7,"6":7,"7":7,"8":7,"9":7,"10":7,"11":7,"12":7,"13":0,"14":0,"15":0,"16":0,"17":0,"18":0,"19":0,"20":7,"21":0,"22":0,"23":0,"24":7,"25":0,"26":0,"27":7,"28":0,"29":0,"30":7,"31":0,"32":0,"33":0,"34":0,"35":0,"36":0,"37":0,"38":0,"39":7,"40":0,"41":0,"42":0,"43":0,"44":0,"45":0,"46":0,"47":0,"48":0,"49":0,"50":0,"51":0,"52":0,"53":0,"54":0,"55":7},"f":{"0":7,"1":14,"2":0,"3":0,"4":0,"5":0,"6":0,"7":0,"8":0,"9":0},"b":{"0":[0,0],"1":[0,0],"2":[0,0],"3":[0,0],"4":[0,0],"5":[0,0],"6":[0,0]},"_coverageSchema":"1a1c01bbd47fc00a2c39e90264f33305004495a9","hash":"fc0d1e8b6e368a4dc39f0b19a4a6bf55fab69e71"}
,"/Users/nguyenminhnghia/Desktop/Personal-Task-Management-App/src/hooks/useTasks.js": {"path":"/Users/nguyenminhnghia/Desktop/Personal-Task-Management-App/src/hooks/useTasks.js","statementMap":{"0":{"start":{"line":4,"column":24},"end":{"line":73,"column":1}},"1":{"start":{"line":5,"column":28},"end":{"line":5,"column":40}},"2":{"start":{"line":6,"column":32},"end":{"line":6,"column":47}},"3":{"start":{"line":9,"column":21},"end":{"line":32,"column":12}},"4":{"start":{"line":10,"column":4},"end":{"line":10,"column":22}},"5":{"start":{"line":10,"column":15},"end":{"line":10,"column":22}},"6":{"start":{"line":11,"column":4},"end":{"line":11,"column":21}},"7":{"start":{"line":12,"column":4},"end":{"line":31,"column":5}},"8":{"start":{"line":13,"column":30},"end":{"line":17,"column":50}},"9":{"start":{"line":19,"column":6},"end":{"line":19,"column":29}},"10":{"start":{"line":19,"column":17},"end":{"line":19,"column":29}},"11":{"start":{"line":21,"column":28},"end":{"line":24,"column":9}},"12":{"start":{"line":21,"column":53},"end":{"line":24,"column":7}},"13":{"start":{"line":26,"column":6},"end":{"line":26,"column":30}},"14":{"start":{"line":28,"column":6},"end":{"line":28,"column":58}},"15":{"start":{"line":30,"column":6},"end":{"line":30,"column":24}},"16":{"start":{"line":35,"column":31},"end":{"line":66,"column":8}},"17":{"start":{"line":38,"column":4},"end":{"line":47,"column":6}},"18":{"start":{"line":39,"column":6},"end":{"line":46,"column":8}},"19":{"start":{"line":40,"column":8},"end":{"line":44,"column":9}},"20":{"start":{"line":41,"column":28},"end":{"line":41,"column":69}},"21":{"start":{"line":42,"column":10},"end":{"line":42,"column":74}},"22":{"start":{"line":43,"column":10},"end":{"line":43,"column":29}},"23":{"start":{"line":45,"column":8},"end":{"line":45,"column":17}},"24":{"start":{"line":49,"column":4},"end":{"line":49,"column":29}},"25":{"start":{"line":49,"column":22},"end":{"line":49,"column":29}},"26":{"start":{"line":51,"column":4},"end":{"line":65,"column":5}},"27":{"start":{"line":52,"column":24},"end":{"line":55,"column":25}},"28":{"start":{"line":57,"column":6},"end":{"line":57,"column":29}},"29":{"start":{"line":57,"column":17},"end":{"line":57,"column":29}},"30":{"start":{"line":59,"column":6},"end":{"line":59,"column":57}},"31":{"start":{"line":60,"column":6},"end":{"line":64,"column":8}},"32":{"start":{"line":61,"column":8},"end":{"line":63,"column":9}},"33":{"start":{"line":62,"column":10},"end":{"line":62,"column":72}},"34":{"start":{"line":68,"column":2},"end":{"line":70,"column":19}},"35":{"start":{"line":69,"column":4},"end":{"line":69,"column":17}},"36":{"start":{"line":72,"column":2},"end":{"line":72,"column":72}}},"fnMap":{"0":{"name":"(anonymous_0)","decl":{"start":{"line":4,"column":24},"end":{"line":4,"column":25}},"loc":{"start":{"line":4,"column":34},"end":{"line":73,"column":1}},"line":4},"1":{"name":"(anonymous_1)","decl":{"start":{"line":9,"column":33},"end":{"line":9,"column":34}},"loc":{"start":{"line":9,"column":45},"end":{"line":32,"column":3}},"line":9},"2":{"name":"(anonymous_2)","decl":{"start":{"line":21,"column":45},"end":{"line":21,"column":46}},"loc":{"start":{"line":21,"column":53},"end":{"line":24,"column":7}},"line":21},"3":{"name":"(anonymous_3)","decl":{"start":{"line":35,"column":43},"end":{"line":35,"column":44}},"loc":{"start":{"line":35,"column":70},"end":{"line":66,"column":3}},"line":35},"4":{"name":"(anonymous_4)","decl":{"start":{"line":38,"column":13},"end":{"line":38,"column":14}},"loc":{"start":{"line":39,"column":6},"end":{"line":46,"column":8}},"line":39},"5":{"name":"(anonymous_5)","decl":{"start":{"line":39,"column":15},"end":{"line":39,"column":16}},"loc":{"start":{"line":39,"column":22},"end":{"line":46,"column":7}},"line":39},"6":{"name":"(anonymous_6)","decl":{"start":{"line":60,"column":15},"end":{"line":60,"column":16}},"loc":{"start":{"line":61,"column":8},"end":{"line":63,"column":9}},"line":61},"7":{"name":"(anonymous_7)","decl":{"start":{"line":61,"column":17},"end":{"line":61,"column":18}},"loc":{"start":{"line":62,"column":10},"end":{"line":62,"column":72}},"line":62},"8":{"name":"(anonymous_8)","decl":{"start":{"line":68,"column":12},"end":{"line":68,"column":13}},"loc":{"start":{"line":68,"column":18},"end":{"line":70,"column":3}},"line":68}},"branchMap":{"0":{"loc":{"start":{"line":10,"column":4},"end":{"line":10,"column":22}},"type":"if","locations":[{"start":{"line":10,"column":4},"end":{"line":10,"column":22}},{"start":{},"end":{}}],"line":10},"1":{"loc":{"start":{"line":19,"column":6},"end":{"line":19,"column":29}},"type":"if","locations":[{"start":{"line":19,"column":6},"end":{"line":19,"column":29}},{"start":{},"end":{}}],"line":19},"2":{"loc":{"start":{"line":21,"column":29},"end":{"line":21,"column":39}},"type":"binary-expr","locations":[{"start":{"line":21,"column":29},"end":{"line":21,"column":33}},{"start":{"line":21,"column":37},"end":{"line":21,"column":39}}],"line":21},"3":{"loc":{"start":{"line":40,"column":8},"end":{"line":44,"column":9}},"type":"if","locations":[{"start":{"line":40,"column":8},"end":{"line":44,"column":9}},{"start":{},"end":{}}],"line":40},"4":{"loc":{"start":{"line":41,"column":28},"end":{"line":41,"column":69}},"type":"cond-expr","locations":[{"start":{"line":41,"column":38},"end":{"line":41,"column":44}},{"start":{"line":41,"column":47},"end":{"line":41,"column":69}}],"line":41},"5":{"loc":{"start":{"line":41,"column":47},"end":{"line":41,"column":69}},"type":"binary-expr","locations":[{"start":{"line":41,"column":47},"end":{"line":41,"column":59}},{"start":{"line":41,"column":63},"end":{"line":41,"column":69}}],"line":41},"6":{"loc":{"start":{"line":49,"column":4},"end":{"line":49,"column":29}},"type":"if","locations":[{"start":{"line":49,"column":4},"end":{"line":49,"column":29}},{"start":{},"end":{}}],"line":49},"7":{"loc":{"start":{"line":57,"column":6},"end":{"line":57,"column":29}},"type":"if","locations":[{"start":{"line":57,"column":6},"end":{"line":57,"column":29}},{"start":{},"end":{}}],"line":57},"8":{"loc":{"start":{"line":62,"column":10},"end":{"line":62,"column":72}},"type":"cond-expr","locations":[{"start":{"line":62,"column":28},"end":{"line":62,"column":68}},{"start":{"line":62,"column":71},"end":{"line":62,"column":72}}],"line":62}},"s":{"0":1,"1":0,"2":0,"3":0,"4":0,"5":0,"6":0,"7":0,"8":0,"9":0,"10":0,"11":0,"12":0,"13":0,"14":0,"15":0,"16":0,"17":0,"18":0,"19":0,"20":0,"21":0,"22":0,"23":0,"24":0,"25":0,"26":0,"27":0,"28":0,"29":0,"30":0,"31":0,"32":0,"33":0,"34":0,"35":0,"36":0},"f":{"0":0,"1":0,"2":0,"3":0,"4":0,"5":0,"6":0,"7":0,"8":0},"b":{"0":[0,0],"1":[0,0],"2":[0,0],"3":[0,0],"4":[0,0],"5":[0,0],"6":[0,0],"7":[0,0],"8":[0,0]},"_coverageSchema":"1a1c01bbd47fc00a2c39e90264f33305004495a9","hash":"d0273ab74115b09da847d806a9dbe9174db46311"}
,"/Users/nguyenminhnghia/Desktop/Personal-Task-Management-App/src/pages/Dashboard.jsx": {"path":"/Users/nguyenminhnghia/Desktop/Personal-Task-Management-App/src/pages/Dashboard.jsx","statementMap":{"0":{"start":{"line":20,"column":29},"end":{"line":79,"column":1}},"1":{"start":{"line":21,"column":19},"end":{"line":21,"column":32}},"2":{"start":{"line":22,"column":19},"end":{"line":22,"column":32}},"3":{"start":{"line":23,"column":15},"end":{"line":23,"column":54}},"4":{"start":{"line":23,"column":38},"end":{"line":23,"column":53}},"5":{"start":{"line":25,"column":40},"end":{"line":25,"column":55}},"6":{"start":{"line":26,"column":38},"end":{"line":26,"column":63}},"7":{"start":{"line":28,"column":61},"end":{"line":28,"column":75}},"8":{"start":{"line":29,"column":2},"end":{"line":29,"column":23}},"9":{"start":{"line":31,"column":23},"end":{"line":41,"column":3}},"10":{"start":{"line":32,"column":4},"end":{"line":40,"column":5}},"11":{"start":{"line":33,"column":6},"end":{"line":33,"column":36}},"12":{"start":{"line":34,"column":6},"end":{"line":34,"column":25}},"13":{"start":{"line":35,"column":6},"end":{"line":35,"column":25}},"14":{"start":{"line":36,"column":6},"end":{"line":36,"column":44}},"15":{"start":{"line":38,"column":6},"end":{"line":38,"column":52}},"16":{"start":{"line":39,"column":6},"end":{"line":39,"column":42}},"17":{"start":{"line":43,"column":26},"end":{"line":58,"column":3}},"18":{"start":{"line":49,"column":38},"end":{"line":49,"column":76}},"19":{"start":{"line":49,"column":57},"end":{"line":49,"column":75}},"20":{"start":{"line":60,"column":2},"end":{"line":78,"column":4}}},"fnMap":{"0":{"name":"(anonymous_0)","decl":{"start":{"line":20,"column":29},"end":{"line":20,"column":30}},"loc":{"start":{"line":20,"column":35},"end":{"line":79,"column":1}},"line":20},"1":{"name":"(anonymous_1)","decl":{"start":{"line":23,"column":27},"end":{"line":23,"column":28}},"loc":{"start":{"line":23,"column":38},"end":{"line":23,"column":53}},"line":23},"2":{"name":"(anonymous_2)","decl":{"start":{"line":31,"column":23},"end":{"line":31,"column":24}},"loc":{"start":{"line":31,"column":35},"end":{"line":41,"column":3}},"line":31},"3":{"name":"(anonymous_3)","decl":{"start":{"line":49,"column":25},"end":{"line":49,"column":26}},"loc":{"start":{"line":49,"column":38},"end":{"line":49,"column":76}},"line":49},"4":{"name":"(anonymous_4)","decl":{"start":{"line":49,"column":47},"end":{"line":49,"column":48}},"loc":{"start":{"line":49,"column":57},"end":{"line":49,"column":75}},"line":49}},"branchMap":{},"s":{"0":1,"1":8,"2":8,"3":8,"4":16,"5":8,"6":8,"7":8,"8":8,"9":8,"10":2,"11":2,"12":1,"13":1,"14":1,"15":1,"16":1,"17":8,"18":0,"19":0,"20":8},"f":{"0":8,"1":16,"2":2,"3":0,"4":0},"b":{},"_coverageSchema":"1a1c01bbd47fc00a2c39e90264f33305004495a9","hash":"2d5e3f47f9c1993a83e8d35ec347b4eaf6a9b85b"}
,"/Users/nguyenminhnghia/Desktop/Personal-Task-Management-App/src/utils/data.js": {"path":"/Users/nguyenminhnghia/Desktop/Personal-Task-Management-App/src/utils/data.js","statementMap":{"0":{"start":{"line":1,"column":21},"end":{"line":7,"column":1}},"1":{"start":{"line":9,"column":21},"end":{"line":9,"column":70}},"2":{"start":{"line":11,"column":25},"end":{"line":15,"column":1}},"3":{"start":{"line":17,"column":22},"end":{"line":17,"column":55}},"4":{"start":{"line":19,"column":25},"end":{"line":24,"column":1}}},"fnMap":{},"branchMap":{},"s":{"0":1,"1":1,"2":1,"3":1,"4":1},"f":{},"b":{},"_coverageSchema":"1a1c01bbd47fc00a2c39e90264f33305004495a9","hash":"1a2b7b38c58bedffd63a6fee16738138311fe5af"}
,"/Users/nguyenminhnghia/Desktop/Personal-Task-Management-App/src/utils/date.js": {"path":"/Users/nguyenminhnghia/Desktop/Personal-Task-Management-App/src/utils/date.js","statementMap":{"0":{"start":{"line":1,"column":26},"end":{"line":8,"column":1}},"1":{"start":{"line":2,"column":2},"end":{"line":2,"column":28}},"2":{"start":{"line":2,"column":18},"end":{"line":2,"column":28}},"3":{"start":{"line":3,"column":15},"end":{"line":3,"column":34}},"4":{"start":{"line":4,"column":14},"end":{"line":4,"column":53}},"5":{"start":{"line":5,"column":16},"end":{"line":5,"column":60}},"6":{"start":{"line":6,"column":15},"end":{"line":6,"column":33}},"7":{"start":{"line":7,"column":2},"end":{"line":7,"column":35}}},"fnMap":{"0":{"name":"(anonymous_0)","decl":{"start":{"line":1,"column":26},"end":{"line":1,"column":27}},"loc":{"start":{"line":1,"column":41},"end":{"line":8,"column":1}},"line":1}},"branchMap":{"0":{"loc":{"start":{"line":2,"column":2},"end":{"line":2,"column":28}},"type":"if","locations":[{"start":{"line":2,"column":2},"end":{"line":2,"column":28}},{"start":{},"end":{}}],"line":2}},"s":{"0":2,"1":34,"2":31,"3":3,"4":3,"5":3,"6":3,"7":3},"f":{"0":34},"b":{"0":[31,3]},"_coverageSchema":"1a1c01bbd47fc00a2c39e90264f33305004495a9","hash":"b699c2ca54b999e70de92312b375b062b21cb526"}
,"/Users/nguyenminhnghia/Desktop/Personal-Task-Management-App/src/utils/formFields.js": {"path":"/Users/nguyenminhnghia/Desktop/Personal-Task-Management-App/src/utils/formFields.js","statementMap":{"0":{"start":{"line":11,"column":2},"end":{"line":46,"column":4}},"1":{"start":{"line":39,"column":10},"end":{"line":39,"column":62}},"2":{"start":{"line":50,"column":2},"end":{"line":70,"column":4}},"3":{"start":{"line":74,"column":2},"end":{"line":83,"column":4}},"4":{"start":{"line":93,"column":2},"end":{"line":120,"column":4}},"5":{"start":{"line":113,"column":10},"end":{"line":113,"column":62}}},"fnMap":{"0":{"name":"getRegisterFields","decl":{"start":{"line":4,"column":16},"end":{"line":4,"column":33}},"loc":{"start":{"line":10,"column":2},"end":{"line":47,"column":1}},"line":10},"1":{"name":"(anonymous_1)","decl":{"start":{"line":38,"column":18},"end":{"line":38,"column":19}},"loc":{"start":{"line":39,"column":10},"end":{"line":39,"column":62}},"line":39},"2":{"name":"getLoginFields","decl":{"start":{"line":49,"column":16},"end":{"line":49,"column":30}},"loc":{"start":{"line":49,"column":61},"end":{"line":71,"column":1}},"line":49},"3":{"name":"getForgotPasswordFields","decl":{"start":{"line":73,"column":16},"end":{"line":73,"column":39}},"loc":{"start":{"line":73,"column":42},"end":{"line":84,"column":1}},"line":73},"4":{"name":"getResetPasswordFields","decl":{"start":{"line":86,"column":16},"end":{"line":86,"column":38}},"loc":{"start":{"line":92,"column":2},"end":{"line":121,"column":1}},"line":92},"5":{"name":"(anonymous_5)","decl":{"start":{"line":112,"column":18},"end":{"line":112,"column":19}},"loc":{"start":{"line":113,"column":10},"end":{"line":113,"column":62}},"line":113}},"branchMap":{"0":{"loc":{"start":{"line":24,"column":12},"end":{"line":24,"column":46}},"type":"cond-expr","locations":[{"start":{"line":24,"column":27},"end":{"line":24,"column":33}},{"start":{"line":24,"column":36},"end":{"line":24,"column":46}}],"line":24},"1":{"loc":{"start":{"line":28,"column":17},"end":{"line":28,"column":63}},"type":"cond-expr","locations":[{"start":{"line":28,"column":32},"end":{"line":28,"column":45}},{"start":{"line":28,"column":48},"end":{"line":28,"column":63}}],"line":28},"2":{"loc":{"start":{"line":35,"column":12},"end":{"line":35,"column":53}},"type":"cond-expr","locations":[{"start":{"line":35,"column":34},"end":{"line":35,"column":40}},{"start":{"line":35,"column":43},"end":{"line":35,"column":53}}],"line":35},"3":{"loc":{"start":{"line":39,"column":10},"end":{"line":39,"column":62}},"type":"binary-expr","locations":[{"start":{"line":39,"column":10},"end":{"line":39,"column":28}},{"start":{"line":39,"column":32},"end":{"line":39,"column":62}}],"line":39},"4":{"loc":{"start":{"line":43,"column":17},"end":{"line":43,"column":70}},"type":"cond-expr","locations":[{"start":{"line":43,"column":39},"end":{"line":43,"column":52}},{"start":{"line":43,"column":55},"end":{"line":43,"column":70}}],"line":43},"5":{"loc":{"start":{"line":63,"column":12},"end":{"line":63,"column":46}},"type":"cond-expr","locations":[{"start":{"line":63,"column":27},"end":{"line":63,"column":33}},{"start":{"line":63,"column":36},"end":{"line":63,"column":46}}],"line":63},"6":{"loc":{"start":{"line":67,"column":17},"end":{"line":67,"column":63}},"type":"cond-expr","locations":[{"start":{"line":67,"column":32},"end":{"line":67,"column":45}},{"start":{"line":67,"column":48},"end":{"line":67,"column":63}}],"line":67},"7":{"loc":{"start":{"line":98,"column":12},"end":{"line":98,"column":46}},"type":"cond-expr","locations":[{"start":{"line":98,"column":27},"end":{"line":98,"column":33}},{"start":{"line":98,"column":36},"end":{"line":98,"column":46}}],"line":98},"8":{"loc":{"start":{"line":102,"column":17},"end":{"line":102,"column":63}},"type":"cond-expr","locations":[{"start":{"line":102,"column":32},"end":{"line":102,"column":45}},{"start":{"line":102,"column":48},"end":{"line":102,"column":63}}],"line":102},"9":{"loc":{"start":{"line":109,"column":12},"end":{"line":109,"column":53}},"type":"cond-expr","locations":[{"start":{"line":109,"column":34},"end":{"line":109,"column":40}},{"start":{"line":109,"column":43},"end":{"line":109,"column":53}}],"line":109},"10":{"loc":{"start":{"line":113,"column":10},"end":{"line":113,"column":62}},"type":"binary-expr","locations":[{"start":{"line":113,"column":10},"end":{"line":113,"column":28}},{"start":{"line":113,"column":32},"end":{"line":113,"column":62}}],"line":113},"11":{"loc":{"start":{"line":117,"column":17},"end":{"line":117,"column":70}},"type":"cond-expr","locations":[{"start":{"line":117,"column":39},"end":{"line":117,"column":52}},{"start":{"line":117,"column":55},"end":{"line":117,"column":70}}],"line":117}},"s":{"0":27,"1":2,"2":25,"3":14,"4":21,"5":3},"f":{"0":27,"1":2,"2":25,"3":14,"4":21,"5":3},"b":{"0":[0,27],"1":[0,27],"2":[0,27],"3":[2,1],"4":[0,27],"5":[1,24],"6":[1,24],"7":[1,20],"8":[1,20],"9":[0,21],"10":[3,1],"11":[0,21]},"_coverageSchema":"1a1c01bbd47fc00a2c39e90264f33305004495a9","hash":"c98a38728cbae1926026d4455314833f765c5caf"}
,"/Users/nguyenminhnghia/Desktop/Personal-Task-Management-App/src/utils/menus.js": {"path":"/Users/nguyenminhnghia/Desktop/Personal-Task-Management-App/src/utils/menus.js","statementMap":{"0":{"start":{"line":1,"column":21},"end":{"line":6,"column":1}}},"fnMap":{},"branchMap":{},"s":{"0":1},"f":{},"b":{},"_coverageSchema":"1a1c01bbd47fc00a2c39e90264f33305004495a9","hash":"8e6d0a9e40b6352d3d28b5c9838b23e3b62d0fbf"}
,"/Users/nguyenminhnghia/Desktop/Personal-Task-Management-App/src/utils/taskOptions.js": {"path":"/Users/nguyenminhnghia/Desktop/Personal-Task-Management-App/src/utils/taskOptions.js","statementMap":{"0":{"start":{"line":1,"column":29},"end":{"line":5,"column":1}},"1":{"start":{"line":7,"column":31},"end":{"line":11,"column":1}}},"fnMap":{},"branchMap":{},"s":{"0":2,"1":2},"f":{},"b":{},"_coverageSchema":"1a1c01bbd47fc00a2c39e90264f33305004495a9","hash":"bc01fb8b495cea65d8476b1d2052d15bcd70ba2a"}
,"/Users/nguyenminhnghia/Desktop/Personal-Task-Management-App/src/utils/validation.js": {"path":"/Users/nguyenminhnghia/Desktop/Personal-Task-Management-App/src/utils/validation.js","statementMap":{"0":{"start":{"line":1,"column":31},"end":{"line":7,"column":1}},"1":{"start":{"line":9,"column":34},"end":{"line":16,"column":1}},"2":{"start":{"line":18,"column":31},"end":{"line":20,"column":1}}},"fnMap":{},"branchMap":{},"s":{"0":4,"1":4,"2":4},"f":{},"b":{},"_coverageSchema":"1a1c01bbd47fc00a2c39e90264f33305004495a9","hash":"3839a6d214ff186f4cb9881d73907a6e6a09c5ad"}
}
