TN:
SF:src/auth/AuthSlice.js
FN:7,(anonymous_0)
FN:17,(anonymous_1)
FN:46,(anonymous_2)
FN:52,(anonymous_3)
FN:68,(anonymous_4)
FN:71,(anonymous_5)
FN:75,(anonymous_6)
FN:79,(anonymous_7)
FN:85,(anonymous_8)
FN:89,(anonymous_9)
FN:93,(anonymous_10)
FNF:11
FNH:10
FNDA:3,(anonymous_0)
FNDA:5,(anonymous_1)
FNDA:2,(anonymous_2)
FNDA:0,(anonymous_3)
FNDA:6,(anonymous_4)
FNDA:3,(anonymous_5)
FNDA:1,(anonymous_6)
FNDA:2,(anonymous_7)
FNDA:5,(anonymous_8)
FNDA:4,(anonymous_9)
FNDA:1,(anonymous_10)
DA:5,8
DA:8,3
DA:9,3
DA:10,2
DA:15,8
DA:18,5
DA:23,5
DA:25,4
DA:28,4
DA:29,2
DA:31,2
DA:34,4
DA:38,8
DA:47,2
DA:48,2
DA:49,2
DA:50,2
DA:54,0
DA:57,0
DA:58,0
DA:59,0
DA:60,0
DA:62,0
DA:63,0
DA:69,6
DA:72,3
DA:73,3
DA:76,1
DA:77,1
DA:80,2
DA:81,2
DA:86,5
DA:87,5
DA:90,4
DA:91,4
DA:94,1
DA:95,1
DA:100,8
LF:38
LH:31
BRDA:9,0,0,1
BRDA:9,0,1,2
BRDA:23,1,0,1
BRDA:23,1,1,4
BRDA:28,2,0,2
BRDA:28,2,1,2
BRDA:54,3,0,0
BRDA:54,3,1,0
BRDA:57,4,0,0
BRDA:57,4,1,0
BRDA:60,5,0,0
BRDA:60,5,1,0
BRF:12
BRH:6
end_of_record
TN:
SF:src/auth/ForgotPasswordPage.jsx
FN:10,(anonymous_0)
FN:20,(anonymous_1)
FN:55,(anonymous_2)
FN:89,(anonymous_3)
FNF:4
FNH:3
FNDA:14,(anonymous_0)
FNDA:2,(anonymous_1)
FNDA:14,(anonymous_2)
FNDA:0,(anonymous_3)
DA:10,1
DA:15,14
DA:16,14
DA:17,14
DA:18,14
DA:20,14
DA:21,2
DA:22,2
DA:23,2
DA:25,2
DA:26,2
DA:30,2
DA:31,1
DA:33,1
DA:36,0
DA:38,2
DA:42,14
DA:44,14
DA:56,14
DA:89,0
LF:20
LH:18
BRDA:21,0,0,0
BRDA:21,0,1,2
BRDA:30,1,0,1
BRDA:30,1,1,1
BRDA:36,2,0,0
BRDA:36,2,1,0
BRDA:64,3,0,14
BRDA:64,3,1,14
BRDA:72,4,0,14
BRDA:72,4,1,1
BRF:10
BRH:7
end_of_record
TN:
SF:src/auth/LoginPage.jsx
FN:14,(anonymous_0)
FN:22,(anonymous_1)
FN:26,(anonymous_2)
FN:26,(anonymous_3)
FN:30,(anonymous_4)
FN:39,(anonymous_5)
FN:40,(anonymous_6)
FN:57,(anonymous_7)
FNF:8
FNH:7
FNDA:25,(anonymous_0)
FNDA:37,(anonymous_1)
FNDA:2,(anonymous_2)
FNDA:2,(anonymous_3)
FNDA:2,(anonymous_4)
FNDA:2,(anonymous_5)
FNDA:0,(anonymous_6)
FNDA:50,(anonymous_7)
DA:14,1
DA:19,25
DA:20,25
DA:21,25
DA:22,37
DA:24,25
DA:25,25
DA:26,2
DA:30,25
DA:31,2
DA:39,2
DA:40,0
DA:43,25
DA:45,25
DA:58,50
LF:15
LH:14
BRDA:66,0,0,50
BRDA:66,0,1,25
BRDA:73,1,0,50
BRDA:73,1,1,50
BRDA:92,2,0,25
BRDA:92,2,1,2
BRDA:94,3,0,0
BRDA:94,3,1,2
BRF:8
BRH:7
end_of_record
TN:
SF:src/auth/RegisterPage.jsx
FN:17,(anonymous_0)
FN:26,(anonymous_1)
FN:32,(anonymous_2)
FN:32,(anonymous_3)
FN:36,(anonymous_4)
FN:36,(anonymous_5)
FN:41,(anonymous_6)
FN:44,(anonymous_7)
FN:47,(anonymous_8)
FN:70,(anonymous_9)
FNF:10
FNH:5
FNDA:27,(anonymous_0)
FNDA:37,(anonymous_1)
FNDA:0,(anonymous_2)
FNDA:0,(anonymous_3)
FNDA:0,(anonymous_4)
FNDA:0,(anonymous_5)
FNDA:1,(anonymous_6)
FNDA:0,(anonymous_7)
FNDA:1,(anonymous_8)
FNDA:81,(anonymous_9)
DA:17,1
DA:23,27
DA:24,27
DA:25,27
DA:26,37
DA:28,27
DA:29,27
DA:31,27
DA:32,0
DA:35,27
DA:36,0
DA:39,27
DA:41,27
DA:42,1
DA:45,0
DA:47,1
DA:50,27
DA:58,27
DA:71,81
LF:19
LH:16
BRDA:47,0,0,1
BRDA:47,0,1,0
BRDA:79,1,0,81
BRDA:79,1,1,54
BRDA:86,2,0,81
BRDA:86,2,1,81
BRDA:107,3,0,27
BRDA:107,3,1,2
BRF:8
BRH:7
end_of_record
TN:
SF:src/auth/ResetPasswordPage.jsx
FN:10,(anonymous_0)
FN:25,(anonymous_1)
FN:25,(anonymous_2)
FN:29,(anonymous_3)
FN:29,(anonymous_4)
FN:35,(anonymous_5)
FN:82,(anonymous_6)
FNF:7
FNH:5
FNDA:21,(anonymous_0)
FNDA:2,(anonymous_1)
FNDA:2,(anonymous_2)
FNDA:0,(anonymous_3)
FNDA:0,(anonymous_4)
FNDA:2,(anonymous_5)
FNDA:42,(anonymous_6)
DA:10,1
DA:16,21
DA:18,21
DA:19,21
DA:21,21
DA:22,21
DA:24,21
DA:25,2
DA:28,21
DA:29,0
DA:33,21
DA:35,21
DA:36,2
DA:37,2
DA:38,2
DA:39,2
DA:42,2
DA:43,1
DA:45,1
DA:50,0
DA:52,2
DA:56,21
DA:64,21
DA:83,42
LF:24
LH:22
BRDA:42,0,0,1
BRDA:42,0,1,1
BRDA:50,1,0,0
BRDA:50,1,1,0
BRDA:91,2,0,42
BRDA:91,2,1,42
BRDA:98,3,0,42
BRDA:98,3,1,42
BRDA:109,4,0,21
BRDA:109,4,1,2
BRF:10
BRH:8
end_of_record
TN:
SF:src/components/ButtonLoading.jsx
FN:4,(anonymous_0)
FNF:1
FNH:1
FNDA:87,(anonymous_0)
DA:4,4
DA:5,87
LF:2
LH:2
BRDA:10,0,0,3
BRDA:10,0,1,84
BRF:2
BRH:2
end_of_record
TN:
SF:src/components/Checkbox.jsx
FN:3,(anonymous_0)
FNF:1
FNH:1
FNDA:52,(anonymous_0)
DA:3,2
DA:4,52
LF:2
LH:2
BRDA:13,0,0,52
BRDA:13,0,1,1
BRF:2
BRH:2
end_of_record
TN:
SF:src/components/ChecklistEditor.jsx
FN:4,(anonymous_0)
FN:16,(anonymous_1)
FN:25,(anonymous_2)
FN:34,(anonymous_3)
FN:47,(anonymous_4)
FNF:5
FNH:5
FNDA:10,(anonymous_0)
FNDA:1,(anonymous_1)
FNDA:1,(anonymous_2)
FNDA:1,(anonymous_3)
FNDA:1,(anonymous_4)
DA:4,2
DA:12,10
DA:17,1
DA:25,1
DA:34,1
DA:47,1
LF:6
LH:6
BRDA:28,0,0,0
BRDA:28,0,1,1
BRF:2
BRH:1
end_of_record
TN:
SF:src/components/ChecklistView.jsx
FN:3,(anonymous_0)
FN:10,(anonymous_1)
FNF:2
FNH:1
FNDA:14,(anonymous_0)
FNDA:0,(anonymous_1)
DA:3,1
DA:4,14
DA:5,14
DA:8,0
DA:11,0
LF:5
LH:3
BRDA:4,0,0,14
BRDA:4,0,1,0
BRDA:4,1,0,14
BRDA:4,1,1,0
BRDA:13,2,0,0
BRDA:13,2,1,0
BRF:6
BRH:2
end_of_record
TN:
SF:src/components/FormField.jsx
FN:3,(anonymous_0)
FNF:1
FNH:1
FNDA:50,(anonymous_0)
DA:3,2
DA:4,50
DA:6,50
LF:3
LH:3
BRDA:11,0,0,50
BRDA:11,0,1,0
BRDA:14,1,0,50
BRDA:14,1,1,2
BRF:4
BRH:3
end_of_record
TN:
SF:src/components/FormInput.jsx
FN:10,(anonymous_0)
FNF:1
FNH:1
FNDA:187,(anonymous_0)
DA:3,4
DA:9,4
DA:23,187
LF:3
LH:3
BRDA:13,0,0,0
BRDA:25,1,0,187
BRDA:25,1,1,187
BRDA:34,2,0,187
BRDA:34,2,1,0
BRDA:37,3,0,187
BRDA:37,3,1,187
BRDA:42,4,0,187
BRDA:42,4,1,25
BRF:9
BRH:7
end_of_record
TN:
SF:src/components/InputBase.jsx
FN:3,(anonymous_0)
FNF:1
FNH:1
FNDA:20,(anonymous_0)
DA:3,2
DA:5,20
DA:7,20
LF:3
LH:3
BRDA:3,0,0,20
BRDA:10,1,0,2
BRDA:10,1,1,18
BRF:3
BRH:3
end_of_record
TN:
SF:src/components/LoadingDots.jsx
FN:3,(anonymous_0)
FNF:1
FNH:1
FNDA:1,(anonymous_0)
DA:3,1
DA:4,1
LF:2
LH:2
BRF:0
BRH:0
end_of_record
TN:
SF:src/components/MainHeader.jsx
FN:5,(anonymous_0)
FN:6,(anonymous_1)
FN:12,(anonymous_2)
FNF:3
FNH:2
FNDA:8,(anonymous_0)
FNDA:16,(anonymous_1)
FNDA:0,(anonymous_2)
DA:5,1
DA:6,16
DA:8,8
DA:12,0
LF:4
LH:3
BRDA:21,0,0,8
BRDA:21,0,1,7
BRF:2
BRH:2
end_of_record
TN:
SF:src/components/Modal.jsx
FN:4,(anonymous_0)
FNF:1
FNH:1
FNDA:18,(anonymous_0)
DA:4,2
DA:5,18
DA:7,10
LF:3
LH:3
BRDA:5,0,0,8
BRDA:5,0,1,10
BRF:2
BRH:2
end_of_record
TN:
SF:src/components/ProfileSection.jsx
FN:3,(anonymous_0)
FNF:1
FNH:0
FNDA:0,(anonymous_0)
DA:3,1
DA:4,0
LF:2
LH:1
BRF:0
BRH:0
end_of_record
TN:
SF:src/components/PulseDot.jsx
FN:3,(anonymous_0)
FNF:1
FNH:1
FNDA:8,(anonymous_0)
DA:3,1
DA:4,8
LF:2
LH:2
BRF:0
BRH:0
end_of_record
TN:
SF:src/components/SelectField.jsx
FN:3,(anonymous_0)
FN:11,(anonymous_1)
FN:14,(anonymous_2)
FNF:3
FNH:3
FNDA:20,(anonymous_0)
FNDA:2,(anonymous_1)
FNDA:60,(anonymous_2)
DA:3,2
DA:5,20
DA:7,20
DA:11,2
DA:15,60
LF:5
LH:5
BRDA:12,0,0,0
BRDA:12,0,1,20
BRF:2
BRH:1
end_of_record
TN:
SF:src/components/Sidebar.jsx
FN:9,(anonymous_0)
FN:16,(anonymous_1)
FN:33,(anonymous_2)
FN:41,(anonymous_3)
FN:44,(anonymous_4)
FNF:5
FNH:3
FNDA:8,(anonymous_0)
FNDA:16,(anonymous_1)
FNDA:0,(anonymous_2)
FNDA:32,(anonymous_3)
FNDA:0,(anonymous_4)
DA:7,1
DA:9,1
DA:16,16
DA:18,8
DA:33,0
DA:42,32
DA:45,0
DA:46,0
LF:8
LH:5
BRDA:22,0,0,0
BRDA:22,0,1,8
BRDA:50,1,0,8
BRDA:50,1,1,24
BRDA:65,2,0,8
BRDA:65,2,1,7
BRF:6
BRH:5
end_of_record
TN:
SF:src/components/Spinner.jsx
FN:3,(anonymous_0)
FNF:1
FNH:1
FNDA:3,(anonymous_0)
DA:3,4
DA:4,3
DA:12,3
LF:3
LH:3
BRDA:3,0,0,0
BRF:1
BRH:0
end_of_record
TN:
SF:src/components/StatsCard.jsx
FN:4,(anonymous_0)
FN:36,(anonymous_1)
FN:47,(anonymous_2)
FNF:3
FNH:3
FNDA:8,(anonymous_0)
FNDA:24,(anonymous_1)
FNDA:24,(anonymous_2)
DA:4,1
DA:5,8
DA:37,24
DA:48,24
LF:4
LH:4
BRF:0
BRH:0
end_of_record
TN:
SF:src/components/StatsSection.jsx
FN:5,(anonymous_0)
FNF:1
FNH:1
FNDA:8,(anonymous_0)
DA:5,1
DA:6,8
LF:2
LH:2
BRF:0
BRH:0
end_of_record
TN:
SF:src/components/SuccessPopup.jsx
FN:3,(anonymous_0)
FNF:1
FNH:1
FNDA:14,(anonymous_0)
DA:3,1
DA:4,14
DA:6,1
LF:3
LH:3
BRDA:4,0,0,13
BRDA:4,0,1,1
BRDA:18,1,0,1
BRDA:18,1,1,1
BRF:4
BRH:4
end_of_record
TN:
SF:src/components/TaskCardMobile.jsx
FN:7,(anonymous_0)
FN:16,(anonymous_1)
FNF:2
FNH:2
FNDA:14,(anonymous_0)
FNDA:1,(anonymous_1)
DA:7,1
DA:8,14
DA:16,1
LF:3
LH:3
BRDA:22,0,0,7
BRDA:22,0,1,7
BRDA:48,1,0,14
BRDA:48,1,1,0
BRDA:48,1,2,0
BRF:5
BRH:3
end_of_record
TN:
SF:src/components/TaskForm.jsx
FN:11,(anonymous_0)
FN:41,(anonymous_1)
FN:51,(anonymous_2)
FN:62,(anonymous_3)
FNF:4
FNH:4
FNDA:18,(anonymous_0)
FNDA:1,(anonymous_1)
FNDA:1,(anonymous_2)
FNDA:1,(anonymous_3)
DA:11,2
DA:32,18
DA:34,18
DA:41,1
DA:51,1
DA:62,1
LF:6
LH:6
BRDA:61,0,0,0
BRDA:61,0,1,18
BRDA:107,1,0,1
BRDA:107,1,1,17
BRDA:111,2,0,1
BRDA:111,2,1,17
BRF:6
BRH:5
end_of_record
TN:
SF:src/components/TaskListSection.jsx
FN:3,(anonymous_0)
FNF:1
FNH:0
FNDA:0,(anonymous_0)
DA:3,1
DA:4,0
LF:2
LH:1
BRF:0
BRH:0
end_of_record
TN:
SF:src/components/TaskPriorityBadge.jsx
FN:3,(anonymous_0)
FNF:1
FNH:1
FNDA:28,(anonymous_0)
DA:3,1
DA:5,28
DA:12,28
DA:14,28
LF:4
LH:4
BRDA:5,0,0,0
BRDA:5,0,1,28
BRDA:7,1,0,0
BRDA:7,1,1,28
BRDA:12,2,0,0
BRDA:12,2,1,28
BRDA:12,3,0,0
BRDA:12,3,1,28
BRF:8
BRH:4
end_of_record
TN:
SF:src/components/TaskRowDesktop.jsx
FN:7,(anonymous_0)
FN:15,(anonymous_1)
FNF:2
FNH:2
FNDA:14,(anonymous_0)
FNDA:1,(anonymous_1)
DA:7,1
DA:8,14
DA:15,1
LF:3
LH:3
BRDA:20,0,0,7
BRDA:20,0,1,7
BRF:2
BRH:2
end_of_record
TN:
SF:src/components/TaskSection.jsx
FN:5,(anonymous_0)
FNF:1
FNH:1
FNDA:8,(anonymous_0)
DA:5,1
DA:11,8
DA:12,7
LF:3
LH:3
BRDA:11,0,0,1
BRDA:11,0,1,7
BRF:2
BRH:2
end_of_record
TN:
SF:src/components/TaskStatusBadge.jsx
FN:3,(anonymous_0)
FNF:1
FNH:1
FNDA:28,(anonymous_0)
DA:3,1
DA:5,28
DA:12,28
DA:18,28
LF:4
LH:4
BRDA:5,0,0,14
BRDA:5,0,1,14
BRDA:7,1,0,0
BRDA:7,1,1,14
BRDA:12,2,0,14
BRDA:12,2,1,14
BRDA:14,3,0,0
BRDA:14,3,1,14
BRF:8
BRH:6
end_of_record
TN:
SF:src/components/TaskTable.jsx
FN:7,(anonymous_0)
FN:12,(anonymous_1)
FN:27,(anonymous_2)
FNF:3
FNH:1
FNDA:7,(anonymous_0)
FNDA:0,(anonymous_1)
FNDA:0,(anonymous_2)
DA:7,1
DA:8,7
DA:9,7
DA:12,0
DA:27,0
LF:5
LH:3
BRF:0
BRH:0
end_of_record
TN:
SF:src/components/TaskTableDesktop.jsx
FN:4,(anonymous_0)
FN:19,(anonymous_1)
FNF:2
FNH:2
FNDA:7,(anonymous_0)
FNDA:14,(anonymous_1)
DA:4,1
DA:5,7
DA:20,14
LF:3
LH:3
BRDA:18,0,0,7
BRDA:18,0,1,0
BRF:2
BRH:1
end_of_record
TN:
SF:src/components/TaskTableHeader.jsx
FN:4,(anonymous_0)
FNF:1
FNH:1
FNDA:7,(anonymous_0)
DA:4,1
DA:5,7
LF:2
LH:2
BRF:0
BRH:0
end_of_record
TN:
SF:src/components/TaskTableMobile.jsx
FN:4,(anonymous_0)
FN:7,(anonymous_1)
FNF:2
FNH:2
FNDA:7,(anonymous_0)
FNDA:14,(anonymous_1)
DA:4,1
DA:5,7
DA:8,14
LF:3
LH:3
BRDA:6,0,0,7
BRDA:6,0,1,0
BRF:2
BRH:1
end_of_record
TN:
SF:src/components/TextareaBase.jsx
FN:3,(anonymous_0)
FNF:1
FNH:1
FNDA:10,(anonymous_0)
DA:3,2
DA:4,10
LF:2
LH:2
BRF:0
BRH:0
end_of_record
TN:
SF:src/components/Toast.jsx
FN:5,(anonymous_0)
FNF:1
FNH:1
FNDA:52,(anonymous_0)
DA:5,2
DA:6,52
LF:2
LH:2
BRF:0
BRH:0
end_of_record
TN:
SF:src/components/TogglePasswordButton.jsx
FN:4,(anonymous_0)
FN:8,(anonymous_1)
FN:8,(anonymous_2)
FNF:3
FNH:2
FNDA:121,(anonymous_0)
FNDA:4,(anonymous_1)
FNDA:0,(anonymous_2)
DA:4,3
DA:5,121
DA:8,4
LF:3
LH:3
BRDA:12,0,0,2
BRDA:12,0,1,119
BRF:2
BRH:2
end_of_record
TN:
SF:src/hooks/useNotifyAndNavigate.js
FN:5,(anonymous_0)
FN:8,(anonymous_1)
FN:10,(anonymous_2)
FNF:3
FNH:2
FNDA:52,(anonymous_0)
FNDA:2,(anonymous_1)
FNDA:0,(anonymous_2)
DA:5,2
DA:6,52
DA:8,52
DA:9,2
DA:10,2
DA:13,52
LF:6
LH:6
BRDA:8,0,0,2
BRF:1
BRH:1
end_of_record
TN:
SF:src/hooks/useSupabaseSession.js
FN:7,(anonymous_0)
FN:10,(anonymous_1)
FN:11,(anonymous_2)
FNF:3
FNH:3
FNDA:4,(anonymous_0)
FNDA:4,(anonymous_1)
FNDA:4,(anonymous_2)
DA:7,2
DA:8,4
DA:10,4
DA:11,4
DA:12,4
DA:14,4
DA:17,4
DA:18,3
DA:19,2
DA:20,2
DA:27,1
DA:28,1
DA:32,4
LF:13
LH:13
BRDA:14,0,0,4
BRDA:14,0,1,2
BRDA:17,1,0,3
BRDA:17,1,1,1
BRDA:19,2,0,2
BRDA:19,2,1,0
BRF:6
BRH:5
end_of_record
TN:
SF:src/hooks/useTaskForm.js
FN:6,(anonymous_0)
FN:7,(anonymous_1)
FN:18,(anonymous_2)
FN:26,(anonymous_3)
FN:36,(anonymous_4)
FN:37,(anonymous_5)
FN:40,(anonymous_6)
FN:42,(anonymous_7)
FN:48,(anonymous_8)
FN:59,(anonymous_9)
FNF:10
FNH:2
FNDA:7,(anonymous_0)
FNDA:14,(anonymous_1)
FNDA:0,(anonymous_2)
FNDA:0,(anonymous_3)
FNDA:0,(anonymous_4)
FNDA:0,(anonymous_5)
FNDA:0,(anonymous_6)
FNDA:0,(anonymous_7)
FNDA:0,(anonymous_8)
FNDA:0,(anonymous_9)
DA:6,1
DA:7,14
DA:8,7
DA:9,7
DA:10,7
DA:11,7
DA:12,7
DA:13,7
DA:14,7
DA:15,7
DA:16,7
DA:18,7
DA:19,0
DA:20,0
DA:21,0
DA:22,0
DA:23,0
DA:26,7
DA:27,0
DA:28,0
DA:32,0
DA:36,7
DA:37,0
DA:40,7
DA:41,0
DA:43,0
DA:48,7
DA:49,0
DA:50,0
DA:51,0
DA:52,0
DA:53,0
DA:54,0
DA:55,0
DA:56,0
DA:59,7
DA:60,0
DA:61,0
DA:63,0
DA:64,0
DA:65,0
DA:81,0
DA:83,0
DA:84,0
DA:85,0
DA:87,0
DA:88,0
DA:90,0
DA:94,7
LF:49
LH:18
BRDA:20,0,0,0
BRDA:20,0,1,0
BRDA:21,1,0,0
BRDA:21,1,1,0
BRDA:27,2,0,0
BRDA:27,2,1,0
BRDA:43,3,0,0
BRDA:43,3,1,0
BRDA:61,4,0,0
BRDA:61,4,1,0
BRDA:81,5,0,0
BRDA:81,5,1,0
BRDA:84,6,0,0
BRDA:84,6,1,0
BRF:14
BRH:0
end_of_record
TN:
SF:src/hooks/useTasks.js
FN:4,(anonymous_0)
FN:9,(anonymous_1)
FN:21,(anonymous_2)
FN:35,(anonymous_3)
FN:38,(anonymous_4)
FN:39,(anonymous_5)
FN:60,(anonymous_6)
FN:61,(anonymous_7)
FN:68,(anonymous_8)
FNF:9
FNH:0
FNDA:0,(anonymous_0)
FNDA:0,(anonymous_1)
FNDA:0,(anonymous_2)
FNDA:0,(anonymous_3)
FNDA:0,(anonymous_4)
FNDA:0,(anonymous_5)
FNDA:0,(anonymous_6)
FNDA:0,(anonymous_7)
FNDA:0,(anonymous_8)
DA:4,1
DA:5,0
DA:6,0
DA:9,0
DA:10,0
DA:11,0
DA:12,0
DA:13,0
DA:19,0
DA:21,0
DA:26,0
DA:28,0
DA:30,0
DA:35,0
DA:38,0
DA:39,0
DA:40,0
DA:41,0
DA:42,0
DA:43,0
DA:45,0
DA:49,0
DA:51,0
DA:52,0
DA:57,0
DA:59,0
DA:60,0
DA:61,0
DA:62,0
DA:68,0
DA:69,0
DA:72,0
LF:32
LH:1
BRDA:10,0,0,0
BRDA:10,0,1,0
BRDA:19,1,0,0
BRDA:19,1,1,0
BRDA:21,2,0,0
BRDA:21,2,1,0
BRDA:40,3,0,0
BRDA:40,3,1,0
BRDA:41,4,0,0
BRDA:41,4,1,0
BRDA:41,5,0,0
BRDA:41,5,1,0
BRDA:49,6,0,0
BRDA:49,6,1,0
BRDA:57,7,0,0
BRDA:57,7,1,0
BRDA:62,8,0,0
BRDA:62,8,1,0
BRF:18
BRH:0
end_of_record
TN:
SF:src/pages/Dashboard.jsx
FN:20,(anonymous_0)
FN:23,(anonymous_1)
FN:31,(anonymous_2)
FN:49,(anonymous_3)
FN:49,(anonymous_4)
FNF:5
FNH:3
FNDA:8,(anonymous_0)
FNDA:16,(anonymous_1)
FNDA:2,(anonymous_2)
FNDA:0,(anonymous_3)
FNDA:0,(anonymous_4)
DA:20,1
DA:21,8
DA:22,8
DA:23,16
DA:25,8
DA:26,8
DA:28,8
DA:29,8
DA:31,8
DA:32,2
DA:33,2
DA:34,1
DA:35,1
DA:36,1
DA:38,1
DA:39,1
DA:43,8
DA:49,0
DA:60,8
LF:19
LH:18
BRF:0
BRH:0
end_of_record
TN:
SF:src/utils/data.js
FNF:0
FNH:0
DA:1,1
DA:9,1
DA:11,1
DA:17,1
DA:19,1
LF:5
LH:5
BRF:0
BRH:0
end_of_record
TN:
SF:src/utils/date.js
FN:1,(anonymous_0)
FNF:1
FNH:1
FNDA:34,(anonymous_0)
DA:1,2
DA:2,34
DA:3,3
DA:4,3
DA:5,3
DA:6,3
DA:7,3
LF:7
LH:7
BRDA:2,0,0,31
BRDA:2,0,1,3
BRF:2
BRH:2
end_of_record
TN:
SF:src/utils/formFields.js
FN:4,getRegisterFields
FN:38,(anonymous_1)
FN:49,getLoginFields
FN:73,getForgotPasswordFields
FN:86,getResetPasswordFields
FN:112,(anonymous_5)
FNF:6
FNH:6
FNDA:27,getRegisterFields
FNDA:2,(anonymous_1)
FNDA:25,getLoginFields
FNDA:14,getForgotPasswordFields
FNDA:21,getResetPasswordFields
FNDA:3,(anonymous_5)
DA:11,27
DA:39,2
DA:50,25
DA:74,14
DA:93,21
DA:113,3
LF:6
LH:6
BRDA:24,0,0,0
BRDA:24,0,1,27
BRDA:28,1,0,0
BRDA:28,1,1,27
BRDA:35,2,0,0
BRDA:35,2,1,27
BRDA:39,3,0,2
BRDA:39,3,1,1
BRDA:43,4,0,0
BRDA:43,4,1,27
BRDA:63,5,0,1
BRDA:63,5,1,24
BRDA:67,6,0,1
BRDA:67,6,1,24
BRDA:98,7,0,1
BRDA:98,7,1,20
BRDA:102,8,0,1
BRDA:102,8,1,20
BRDA:109,9,0,0
BRDA:109,9,1,21
BRDA:113,10,0,3
BRDA:113,10,1,1
BRDA:117,11,0,0
BRDA:117,11,1,21
BRF:24
BRH:18
end_of_record
TN:
SF:src/utils/menus.js
FNF:0
FNH:0
DA:1,1
LF:1
LH:1
BRF:0
BRH:0
end_of_record
TN:
SF:src/utils/taskOptions.js
FNF:0
FNH:0
DA:1,2
DA:7,2
LF:2
LH:2
BRF:0
BRH:0
end_of_record
TN:
SF:src/utils/validation.js
FNF:0
FNH:0
DA:1,4
DA:9,4
DA:18,4
LF:3
LH:3
BRF:0
BRH:0
end_of_record
